#
# A fatal error has been detected by the Java Runtime Environment:
#
#  EXCEPTION_ACCESS_VIOLATION (0xc0000005) at pc=0x000007fefdb50c7b, pid=9580, tid=10000
#
# JRE version: 6.0_37-b06
# Java VM: Java HotSpot(TM) 64-Bit Server VM (20.12-b01 mixed mode windows-amd64 compressed oops)
# Problematic frame:
# C  [ole32.dll+0x10c7b]
#
# If you would like to submit a bug report, please visit:
#   http://java.sun.com/webapps/bugreport/crash.jsp
# The crash happened outside the Java Virtual Machine in native code.
# See problematic frame for where to report the bug.
#

---------------  T H R E A D  ---------------

Current thread (0x0000000006a3f800):  JavaThread "AWT-EventQueue-0" [_thread_in_native, id=10000, stack(0x0000000007be0000,0x0000000007ce0000)]

siginfo: ExceptionCode=0xc0000005, writing address 0x0000000000000030

Registers:
RAX=0x0000000000000000, RBX=0x0000000000219400, RCX=0x0000000000002710, RDX=0x000007fefdce6620
RSP=0x0000000007cddee0, RBP=0x0000000000235890, RSI=0x0000000000000000, RDI=0x0000000000219400
R8 =0x00000000000003d4, R9 =0x000007fefdcc7f18, R10=0x0000000000000000, R11=0x0000000007cdde00
R12=0x0000000000000000, R13=0x0000000000245100, R14=0x0000000000000000, R15=0x0000000000000000
RIP=0x000007fefdb50c7b, EFLAGS=0x0000000000010246

Top of Stack: (sp=0x0000000007cddee0)
0x0000000007cddee0:   0000000000219400 0000000000000000
0x0000000007cddef0:   0000000000000000 0000000000000080
0x0000000007cddf00:   0000006c00000000 0000000000300470
0x0000000007cddf10:   0000256c00005800 f8515c5b71d736db
0x0000000007cddf20:   000038e933b461c1 0000000006a3f800
0x0000000007cddf30:   0000000000000001 000000000b1ad0b8
0x0000000007cddf40:   0000000000000000 0000000000235890
0x0000000007cddf50:   0000000006a3f9d0 000007fefdb51225
0x0000000007cddf60:   0000000007cddfe0 0000000000235890
0x0000000007cddf70:   0000000000000000 000000006d9ed339
0x0000000007cddf80:   000000000a7b6eb0 000007fefdcb3135
0x0000000007cddf90:   0000000000235890 0000000008f47708
0x0000000007cddfa0:   00000000068c2260 000007fefd399492
0x0000000007cddfb0:   000000000a7b6eb0 000007fefdc6de9d
0x0000000007cddfc0:   0000000000235890 000000000b1ad0b8
0x0000000007cddfd0:   0000000000000018 0000000000000810 

Instructions: (pc=0x000007fefdb50c7b)
0x000007fefdb50c5b:   60 1c 00 41 b8 d4 03 00 00 e8 47 82 01 00 85 f6
0x000007fefdb50c6b:   78 2b f3 0f 6f 44 24 30 48 8b 45 18 4c 89 6d 20
0x000007fefdb50c7b:   f3 0f 7f 40 30 f6 45 0c 01 75 12 48 8b cd e8 be
0x000007fefdb50c8b:   fa ff ff 8b f0 85 c0 78 04 83 4d 0c 01 48 8b cd 


Register to memory mapping:

RAX=0x0000000000000000 is an unknown value
RBX=0x0000000000219400 is an unknown value
RCX=0x0000000000002710 is an unknown value
RDX=0x000007fefdce6620 is an unknown value
RSP=0x0000000007cddee0 is pointing into the stack for thread: 0x0000000006a3f800
RBP=0x0000000000235890 is an unknown value
RSI=0x0000000000000000 is an unknown value
RDI=0x0000000000219400 is an unknown value
R8 =0x00000000000003d4 is an unknown value
R9 =0x000007fefdcc7f18 is an unknown value
R10=0x0000000000000000 is an unknown value
R11=0x0000000007cdde00 is pointing into the stack for thread: 0x0000000006a3f800
R12=0x0000000000000000 is an unknown value
R13=0x0000000000245100 is an unknown value
R14=0x0000000000000000 is an unknown value
R15=0x0000000000000000 is an unknown value


Stack: [0x0000000007be0000,0x0000000007ce0000],  sp=0x0000000007cddee0,  free space=1015k
Native frames: (J=compiled Java code, j=interpreted, Vv=VM code, C=native code)
C  [ole32.dll+0x10c7b]  CLSIDFromString+0x5fb

Java frames: (J=compiled Java code, j=interpreted, Vv=VM code)
j  sun.awt.windows.WComponentPeer.addNativeDropTarget()J+0
j  sun.awt.windows.WComponentPeer.addDropTarget(Ljava/awt/dnd/DropTarget;)V+9
j  java.awt.dnd.DropTarget.addNotify(Ljava/awt/peer/ComponentPeer;)V+60
j  java.awt.Component.addNotify()V+297
j  java.awt.Container.addNotify()V+8
j  javax.swing.JComponent.addNotify()V+1
j  java.awt.Container.addNotify()V+61
j  javax.swing.JComponent.addNotify()V+1
j  java.awt.Container.addNotify()V+61
j  javax.swing.JComponent.addNotify()V+1
j  javax.swing.JMenuBar.addNotify()V+1
j  java.awt.Container.addNotify()V+61
j  javax.swing.JComponent.addNotify()V+1
j  java.awt.Container.addNotify()V+61
j  javax.swing.JComponent.addNotify()V+1
j  javax.swing.JRootPane.addNotify()V+1
j  java.awt.Container.addNotify()V+61
j  java.awt.Window.addNotify()V+73
j  java.awt.Frame.addNotify()V+70
j  java.awt.Window.show()V+8
j  games.strategy.triplea.ui.TripleAFrame.show()V+1
j  java.awt.Component.show(Z)V+5
j  java.awt.Component.setVisible(Z)V+2
j  java.awt.Window.setVisible(Z)V+2
j  games.strategy.triplea.TripleA$3.run()V+106
j  java.awt.event.InvocationEvent.dispatch()V+11
j  java.awt.EventQueue.dispatchEventImpl(Ljava/awt/AWTEvent;Ljava/lang/Object;)V+21
j  java.awt.EventQueue.access$400(Ljava/awt/EventQueue;Ljava/awt/AWTEvent;Ljava/lang/Object;)V+3
j  java.awt.EventQueue$2.run()Ljava/lang/Void;+12
j  java.awt.EventQueue$2.run()Ljava/lang/Object;+1
v  ~StubRoutines::call_stub
j  java.security.AccessController.doPrivileged(Ljava/security/PrivilegedAction;Ljava/security/AccessControlContext;)Ljava/lang/Object;+0
J  java.awt.EventDispatchThread.pumpOneEventForFilters(I)Z
j  java.awt.EventDispatchThread.pumpEventsForFilter(ILjava/awt/Conditional;Ljava/awt/EventFilter;)V+30
j  java.awt.EventDispatchThread.pumpEventsForHierarchy(ILjava/awt/Conditional;Ljava/awt/Component;)V+11
j  java.awt.EventDispatchThread.pumpEvents(ILjava/awt/Conditional;)V+4
j  java.awt.EventDispatchThread.pumpEvents(Ljava/awt/Conditional;)V+3
j  java.awt.EventDispatchThread.run()V+9
v  ~StubRoutines::call_stub

---------------  P R O C E S S  ---------------

Java Threads: ( => current thread )
  0x0000000008f62000 JavaThread "Map panel background drawer" daemon [_thread_blocked, id=4636, stack(0x000000000e310000,0x000000000e410000)]
  0x0000000008f61800 JavaThread "Java Sound Event Dispatcher" daemon [_thread_blocked, id=9972, stack(0x000000000de10000,0x000000000df10000)]
  0x0000000008f60800 JavaThread "Triplea sound loader" [_thread_in_native, id=10020, stack(0x0000000009c80000,0x0000000009d80000)]
  0x0000000008f5e800 JavaThread "Triplea start thread" [_thread_blocked, id=7944, stack(0x0000000009b80000,0x0000000009c80000)]
  0x0000000008f5f000 JavaThread "Timer-1" [_thread_blocked, id=9188, stack(0x0000000009780000,0x0000000009880000)]
  0x0000000008f60000 JavaThread "TimerQueue" daemon [_thread_blocked, id=8772, stack(0x000000000b360000,0x000000000b460000)]
  0x000000000062c800 JavaThread "DestroyJavaVM" [_thread_blocked, id=4608, stack(0x0000000002370000,0x0000000002470000)]
  0x0000000008f32800 JavaThread "Trident pulse source thread" daemon [_thread_blocked, id=7096, stack(0x0000000009a80000,0x0000000009b80000)]
  0x0000000008d4e800 JavaThread "Trident callback thread" daemon [_thread_blocked, id=2276, stack(0x0000000009980000,0x0000000009a80000)]
  0x0000000008bb3800 JavaThread "Console std out reader" daemon [_thread_blocked, id=9820, stack(0x0000000008a00000,0x0000000008b00000)]
  0x0000000008bb3000 JavaThread "Console std err reader" daemon [_thread_blocked, id=4976, stack(0x0000000008880000,0x0000000008980000)]
=>0x0000000006a3f800 JavaThread "AWT-EventQueue-0" [_thread_in_native, id=10000, stack(0x0000000007be0000,0x0000000007ce0000)]
  0x0000000006981800 JavaThread "AWT-Windows" daemon [_thread_in_native, id=7084, stack(0x0000000007560000,0x0000000007660000)]
  0x0000000006980800 JavaThread "AWT-Shutdown" [_thread_blocked, id=4016, stack(0x0000000007460000,0x0000000007560000)]
  0x000000000697c800 JavaThread "Java2D Disposer" daemon [_thread_blocked, id=2612, stack(0x0000000007220000,0x0000000007320000)]
  0x00000000068a4000 JavaThread "Low Memory Detector" daemon [_thread_blocked, id=9184, stack(0x0000000006e40000,0x0000000006f40000)]
  0x00000000068a1800 JavaThread "C2 CompilerThread1" daemon [_thread_blocked, id=1292, stack(0x0000000006d40000,0x0000000006e40000)]
  0x000000000689d800 JavaThread "C2 CompilerThread0" daemon [_thread_blocked, id=9468, stack(0x0000000006c40000,0x0000000006d40000)]
  0x0000000006897800 JavaThread "Attach Listener" daemon [_thread_blocked, id=4712, stack(0x0000000006b40000,0x0000000006c40000)]
  0x0000000006892000 JavaThread "Signal Dispatcher" daemon [_thread_blocked, id=7148, stack(0x0000000006a40000,0x0000000006b40000)]
  0x00000000003fd000 JavaThread "Finalizer" daemon [_thread_blocked, id=4576, stack(0x0000000006740000,0x0000000006840000)]
  0x00000000003f6000 JavaThread "Reference Handler" daemon [_thread_blocked, id=4240, stack(0x0000000006640000,0x0000000006740000)]

Other Threads:
  0x00000000003ec800 VMThread [stack: 0x0000000006540000,0x0000000006640000] [id=3860]
  0x00000000068bd800 WatcherThread [stack: 0x0000000006f40000,0x0000000007040000] [id=8476]

VM state:not at safepoint (normal execution)

VM Mutex/Monitor currently owned by a thread: None

Heap
 PSYoungGen      total 42304K, used 12066K [0x00000007d6600000, 0x00000007db620000, 0x0000000800000000)
  eden space 31808K, 17% used [0x00000007d6600000,0x00000007d6b7a2b0,0x00000007d8510000)
  from space 10496K, 61% used [0x00000007d8eb0000,0x00000007d94fe760,0x00000007d98f0000)
  to   space 9856K, 0% used [0x00000007d8510000,0x00000007d8510000,0x00000007d8eb0000)
 PSOldGen        total 85248K, used 7705K [0x0000000783200000, 0x0000000788540000, 0x00000007d6600000)
  object space 85248K, 9% used [0x0000000783200000,0x0000000783986618,0x0000000788540000)
 PSPermGen       total 32192K, used 32040K [0x000000077e000000, 0x000000077ff70000, 0x0000000783200000)
  object space 32192K, 99% used [0x000000077e000000,0x000000077ff4a210,0x000000077ff70000)

Code Cache  [0x0000000002470000, 0x00000000026e0000, 0x0000000005470000)
 total_blobs=1048 nmethods=503 adapters=498 free_code_cache=48236608 largest_free_block=11328

Dynamic libraries:
0x0000000000400000 - 0x000000000042f000 	C:\Program Files\Java\jre6\bin\javaw.exe
0x0000000077290000 - 0x0000000077439000 	C:\Windows\SYSTEM32\ntdll.dll
0x0000000077170000 - 0x000000007728f000 	C:\Windows\system32\kernel32.dll
0x000007fefd390000 - 0x000007fefd3fb000 	C:\Windows\system32\KERNELBASE.dll
0x000007fefef00000 - 0x000007fefefdb000 	C:\Windows\system32\ADVAPI32.dll
0x000007fefeb60000 - 0x000007fefebff000 	C:\Windows\system32\msvcrt.dll
0x000007feff290000 - 0x000007feff2af000 	C:\Windows\SYSTEM32\sechost.dll
0x000007fefda00000 - 0x000007fefdb2d000 	C:\Windows\system32\RPCRT4.dll
0x0000000077070000 - 0x000000007716a000 	C:\Windows\system32\USER32.dll
0x000007fefee90000 - 0x000007fefeef7000 	C:\Windows\system32\GDI32.dll
0x000007fefede0000 - 0x000007fefedee000 	C:\Windows\system32\LPK.dll
0x000007fefed10000 - 0x000007fefedd9000 	C:\Windows\system32\USP10.dll
0x000007fefd6d0000 - 0x000007fefd6fe000 	C:\Windows\system32\IMM32.DLL
0x000007fefec00000 - 0x000007fefed09000 	C:\Windows\system32\MSCTF.dll
0x000000006d800000 - 0x000000006dfbb000 	C:\Program Files\Java\jre6\bin\server\jvm.dll
0x000007fefadc0000 - 0x000007fefadfb000 	C:\Windows\system32\WINMM.dll
0x000000006d770000 - 0x000000006d77e000 	C:\Program Files\Java\jre6\bin\verify.dll
0x000000006d3b0000 - 0x000000006d3d7000 	C:\Program Files\Java\jre6\bin\java.dll
0x000000006d7c0000 - 0x000000006d7d2000 	C:\Program Files\Java\jre6\bin\zip.dll
0x000000006d000000 - 0x000000006d1c4000 	C:\Program Files\Java\jre6\bin\awt.dll
0x000007fef9e40000 - 0x000007fef9eb1000 	C:\Windows\system32\WINSPOOL.DRV
0x000007fefdb40000 - 0x000007fefdd43000 	C:\Windows\system32\ole32.dll
0x000007fefdd50000 - 0x000007fefead8000 	C:\Windows\system32\SHELL32.dll
0x000007fefd700000 - 0x000007fefd771000 	C:\Windows\system32\SHLWAPI.dll
0x000007fefb580000 - 0x000007fefb774000 	C:\Windows\WinSxS\amd64_microsoft.windows.common-controls_6595b64144ccf1df_6.0.7601.17514_none_fa396087175ac9ac\COMCTL32.dll
0x000007fefacc0000 - 0x000007fefacd8000 	C:\Windows\system32\DWMAPI.DLL
0x000007fefb120000 - 0x000007fefb176000 	C:\Windows\system32\uxtheme.dll
0x000000006d2a0000 - 0x000000006d307000 	C:\Program Files\Java\jre6\bin\fontmanager.dll
0x000007fefcf70000 - 0x000007fefcf7f000 	C:\Windows\system32\CRYPTBASE.dll
0x0000000010000000 - 0x0000000010065000 	C:\Program Files\ThinkPad\Bluetooth Software\btmmhook.dll
0x000007feff2b0000 - 0x000007feff387000 	C:\Windows\system32\OLEAUT32.dll
0x0000000077450000 - 0x0000000077457000 	C:\Windows\system32\PSAPI.DLL
0x000000006d610000 - 0x000000006d627000 	C:\Program Files\Java\jre6\bin\net.dll
0x000007feff390000 - 0x000007feff3dd000 	C:\Windows\system32\WS2_32.dll
0x000007fefdb30000 - 0x000007fefdb38000 	C:\Windows\system32\NSI.dll
0x000007fefc8b0000 - 0x000007fefc905000 	C:\Windows\system32\mswsock.dll
0x000007fefc8a0000 - 0x000007fefc8a7000 	C:\Windows\System32\wship6.dll
0x000000006d630000 - 0x000000006d63b000 	C:\Program Files\Java\jre6\bin\nio.dll
0x000000006d210000 - 0x000000006d238000 	C:\Program Files\Java\jre6\bin\dcpr.dll
0x000000006d560000 - 0x000000006d60f000 	C:\Program Files\Java\jre6\bin\mlib_image.dll
0x000007fefc910000 - 0x000007fefc927000 	C:\Windows\system32\CRYPTSP.dll
0x000007fefc610000 - 0x000007fefc657000 	C:\Windows\system32\rsaenh.dll
0x000007fefc340000 - 0x000007fefc35e000 	C:\Windows\system32\USERENV.dll
0x000007fefd040000 - 0x000007fefd04f000 	C:\Windows\system32\profapi.dll
0x000007fefb9e0000 - 0x000007fefb9f5000 	C:\Windows\system32\NLAapi.dll
0x000007fef3650000 - 0x000007fef3665000 	C:\Windows\system32\napinsp.dll
0x000007fef31e0000 - 0x000007fef31f9000 	C:\Windows\system32\pnrpnsp.dll
0x000007fef31d0000 - 0x000007fef31e0000 	C:\Windows\system32\wshbth.dll
0x000007fef4790000 - 0x000007fef47be000 	C:\Program Files\Common Files\Microsoft Shared\Windows Live\WLIDNSP.DLL
0x000007fefc730000 - 0x000007fefc78b000 	C:\Windows\system32\DNSAPI.dll
0x000007fef4530000 - 0x000007fef453b000 	C:\Windows\System32\winrnr.dll
0x000007fefc220000 - 0x000007fefc227000 	C:\Windows\System32\wshtcpip.dll
0x000007fefb1b0000 - 0x000007fefb1d7000 	C:\Windows\system32\IPHLPAPI.DLL
0x000007fefb190000 - 0x000007fefb19b000 	C:\Windows\system32\WINNSI.DLL
0x000007fef4780000 - 0x000007fef4788000 	C:\Windows\system32\rasadhlp.dll
0x000007fefa940000 - 0x000007fefa993000 	C:\Windows\System32\fwpuclnt.dll
0x000000006d4d0000 - 0x000000006d505000 	C:\Program Files\Java\jre6\bin\jpeg.dll
0x000000006d510000 - 0x000000006d53e000 	C:\Program Files\Java\jre6\bin\jsound.dll
0x000000006d540000 - 0x000000006d54a000 	C:\Program Files\Java\jre6\bin\jsoundds.dll
0x000007fef1ca0000 - 0x000007fef1d28000 	C:\Windows\system32\DSOUND.dll
0x000007fefbe90000 - 0x000007fefbebc000 	C:\Windows\system32\POWRPROF.dll
0x000007fefd820000 - 0x000007fefd9f7000 	C:\Windows\system32\SETUPAPI.dll
0x000007fefd410000 - 0x000007fefd446000 	C:\Windows\system32\CFGMGR32.dll
0x000007fefd1f0000 - 0x000007fefd20a000 	C:\Windows\system32\DEVOBJ.dll
0x000007fefbe40000 - 0x000007fefbe8b000 	C:\Windows\system32\MMDevAPI.DLL
0x000007fefbd10000 - 0x000007fefbe3c000 	C:\Windows\system32\PROPSYS.dll
0x000007fef98e0000 - 0x000007fef991b000 	C:\Windows\system32\wdmaud.drv
0x0000000073e40000 - 0x0000000073e46000 	C:\Windows\system32\ksuser.dll
0x000007fefbd00000 - 0x000007fefbd09000 	C:\Windows\system32\AVRT.dll
0x000007fefac30000 - 0x000007fefac7f000 	C:\Windows\system32\AUDIOSES.DLL
0x000007fefabc0000 - 0x000007fefabca000 	C:\Windows\system32\msacm32.drv
0x000007fefa520000 - 0x000007fefa538000 	C:\Windows\system32\MSACM32.dll
0x000007fefa430000 - 0x000007fefa439000 	C:\Windows\system32\midimap.dll
0x000007fefedf0000 - 0x000007fefee89000 	C:\Windows\system32\CLBCatQ.DLL
0x000007fefd020000 - 0x000007fefd034000 	C:\Windows\system32\RpcRtRemote.dll

VM Arguments:
jvm_args: -Dfile.encoding=Cp1252 
java_command: games.strategy.engine.framework.GameRunner2
Launcher Type: SUN_STANDARD

Environment Variables:
JAVA_HOME=C:\Program Files\Java\jdk1.6.0_37
CLASSPATH=.;C:\Program Files (x86)\Java\jre6\lib\ext\QTJava.zip
PATH=C:\Program Files (x86)\NVIDIA Corporation\PhysX\Common;C:\Program Files (x86)\RSA SecurID Token Common;C:\Users\AMENTRA-R84A27L\OracleClient;C:\Program Files\Common Files\Microsoft Shared\Windows Live;C:\Program Files (x86)\Common Files\Microsoft Shared\Windows Live;C:\Windows\system32;C:\Windows;C:\Windows\System32\Wbem;C:\Windows\System32\WindowsPowerShell\v1.0\;C:\Program Files\ThinkPad\Bluetooth Software\;C:\Program Files\ThinkPad\Bluetooth Software\syswow64;C:\Program Files\Intel\WiFi\bin\;C:\Program Files\Common Files\Intel\WirelessCommon\;C:\Program Files (x86)\Common Files\Lenovo;C:\Program Files (x86)\Common Files\Ulead Systems\MPEG;C:\Program Files (x86)\Lenovo\Access Connections\;c:\Program Files (x86)\Microsoft SQL Server\90\Tools\binn\;C:\Users\AMENTRA-R84A27L\apache-ant-1.8.1\bin;C:\Program Files (x86)\MySQL\MySQL Server 5.1\bin;C:\Program Files (x86)\Windows Live\Shared;C:\Program Files (x86)\QuickTime\QTSystem\;C:\Users\AMENTRA-R84A27L\MySQL\bin;C:\Program Files\TortoiseSVN\bin;C:\Program Files (x86)\Seapine\Surround SCM;C:\Users\AMENTRA-R84A27L\nodejs\
USERNAME=Ron
OS=Windows_NT
PROCESSOR_IDENTIFIER=Intel64 Family 6 Model 37 Stepping 2, GenuineIntel



---------------  S Y S T E M  ---------------

OS: Windows 7 , 64 bit Build 7601 Service Pack 1

CPU:total 4 (2 cores per cpu, 2 threads per core) family 6 model 37 stepping 2, cmov, cx8, fxsr, mmx, sse, sse2, sse3, ssse3, sse4.1, sse4.2, popcnt, ht

Memory: 4k page, physical 8179376k(3317176k free), swap 16356888k(9834948k free)

vm_info: Java HotSpot(TM) 64-Bit Server VM (20.12-b01) for windows-amd64 JRE (1.6.0_37-b06), built on Sep 24 2012 11:45:14 by "java_re" with MS VC++ 8.0 (VS2005)

time: Thu Mar 06 22:17:46 2014
elapsed time: 17 seconds

