#
# A fatal error has been detected by the Java Runtime Environment:
#
#  EXCEPTION_ACCESS_VIOLATION (0xc0000005) at pc=0x000007feff940b6d, pid=7276, tid=6828
#
# JRE version: 6.0_37-b06
# Java VM: Java HotSpot(TM) 64-Bit Server VM (20.12-b01 mixed mode windows-amd64 compressed oops)
# Problematic frame:
# C  [ole32.dll+0x10b6d]
#
# If you would like to submit a bug report, please visit:
#   http://java.sun.com/webapps/bugreport/crash.jsp
# The crash happened outside the Java Virtual Machine in native code.
# See problematic frame for where to report the bug.
#

---------------  T H R E A D  ---------------

Current thread (0x0000000006935000):  JavaThread "AWT-EventQueue-0" [_thread_in_native, id=6828, stack(0x0000000007c60000,0x0000000007d60000)]

siginfo: ExceptionCode=0xc0000005, reading address 0x0000000000000098

Registers:
RAX=0x0000000000000000, RBX=0x000000000d62b940, RCX=0x000000000d62b940, RDX=0x000000000d62dd90
RSP=0x0000000007d5de00, RBP=0x000000000d5f3d90, RSI=0x0000000000000000, RDI=0x000000000d62b940
R8 =0x0000093d00c5000b, R9 =0x0000093e00c0000c, R10=0x00000000c0000034, R11=0x0000000000000000
R12=0x0000000000000000, R13=0x000000000a4e28f8, R14=0x0000000000000000, R15=0x0000000000000000
RIP=0x000007feff940b6d, EFLAGS=0x0000000000010246

Top of Stack: (sp=0x0000000007d5de00)
0x0000000007d5de00:   000000000d62b940 000000000d5f3d90
0x0000000007d5de10:   0000000000000000 0000000000000080
0x0000000007d5de20:   7553174c01a90004 0000000000430470
0x0000000007d5de30:   0000000007d5df70 0000000000000000
0x0000000007d5de40:   0000d7366bd1bf14 000000077e0c1b01
0x0000000007d5de50:   0000000000000001 000000000a4e28f8
0x0000000007d5de60:   0000000000000000 000000000d5f3d90
0x0000000007d5de70:   00000000069351d0 000007feff941225
0x0000000007d5de80:   0000000000000000 000000000d5f3d90
0x0000000007d5de90:   0000000000000000 000000006d9ed339
0x0000000007d5dea0:   000000000b2fb6b0 000007feffaa3135
0x0000000007d5deb0:   000000000d5f3d90 0000000009aa1010
0x0000000007d5dec0:   00000000068575b0 000007fefdd79492
0x0000000007d5ded0:   000000000b2fb6b0 000007feffa5de9d
0x0000000007d5dee0:   000000000d5f3d90 000000000a4e28f8
0x0000000007d5def0:   0000000000000018 00000000000008e0 

Instructions: (pc=0x000007feff940b6d)
0x000007feff940b4d:   00 4c 8b 77 60 0f 84 91 25 04 00 e8 c3 b7 00 00
0x000007feff940b5d:   85 c0 0f 84 c1 cd ff ff 48 8b 47 70 48 89 47 60
0x000007feff940b6d:   48 8b 80 98 00 00 00 4c 8d 0d 9d 73 17 00 48 8d
0x000007feff940b7d:   15 9e 5a 19 00 48 8d 0d 37 61 1c 00 41 b8 b0 03 


Register to memory mapping:

RAX=0x0000000000000000 is an unknown value
RBX=0x000000000d62b940 is an unknown value
RCX=0x000000000d62b940 is an unknown value
RDX=0x000000000d62dd90 is an unknown value
RSP=0x0000000007d5de00 is pointing into the stack for thread: 0x0000000006935000
RBP=0x000000000d5f3d90 is an unknown value
RSI=0x0000000000000000 is an unknown value
RDI=0x000000000d62b940 is an unknown value
R8 =0x0000093d00c5000b is an unknown value
R9 =0x0000093e00c0000c is an unknown value
R10=0x00000000c0000034 is an unknown value
R11=0x0000000000000000 is an unknown value
R12=0x0000000000000000 is an unknown value
R13=0x000000000a4e28f8 is an unknown value
R14=0x0000000000000000 is an unknown value
R15=0x0000000000000000 is an unknown value


Stack: [0x0000000007c60000,0x0000000007d60000],  sp=0x0000000007d5de00,  free space=1015k
Native frames: (J=compiled Java code, j=interpreted, Vv=VM code, C=native code)
C  [ole32.dll+0x10b6d]  CLSIDFromString+0x4ed

Java frames: (J=compiled Java code, j=interpreted, Vv=VM code)
j  sun.awt.windows.WComponentPeer.addNativeDropTarget()J+0
j  sun.awt.windows.WComponentPeer.addDropTarget(Ljava/awt/dnd/DropTarget;)V+9
j  java.awt.dnd.DropTarget.addNotify(Ljava/awt/peer/ComponentPeer;)V+60
j  java.awt.Component.addNotify()V+297
j  java.awt.Container.addNotify()V+8
j  javax.swing.JComponent.addNotify()V+1
j  java.awt.Container.addNotify()V+61
j  javax.swing.JComponent.addNotify()V+1
j  java.awt.Container.addNotify()V+61
j  javax.swing.JComponent.addNotify()V+1
j  javax.swing.JMenuBar.addNotify()V+1
j  java.awt.Container.addNotify()V+61
j  javax.swing.JComponent.addNotify()V+1
j  java.awt.Container.addNotify()V+61
j  javax.swing.JComponent.addNotify()V+1
j  javax.swing.JRootPane.addNotify()V+1
j  java.awt.Container.addNotify()V+61
j  java.awt.Window.addNotify()V+73
j  java.awt.Frame.addNotify()V+70
j  java.awt.Window.show()V+8
j  games.strategy.triplea.ui.TripleAFrame.show()V+1
j  java.awt.Component.show(Z)V+5
j  java.awt.Component.setVisible(Z)V+2
j  java.awt.Window.setVisible(Z)V+2
j  games.strategy.triplea.TripleA$3.run()V+106
j  java.awt.event.InvocationEvent.dispatch()V+11
j  java.awt.EventQueue.dispatchEventImpl(Ljava/awt/AWTEvent;Ljava/lang/Object;)V+21
j  java.awt.EventQueue.access$400(Ljava/awt/EventQueue;Ljava/awt/AWTEvent;Ljava/lang/Object;)V+3
j  java.awt.EventQueue$2.run()Ljava/lang/Void;+12
j  java.awt.EventQueue$2.run()Ljava/lang/Object;+1
v  ~StubRoutines::call_stub
j  java.security.AccessController.doPrivileged(Ljava/security/PrivilegedAction;Ljava/security/AccessControlContext;)Ljava/lang/Object;+0
j  java.security.AccessControlContext$1.doIntersectionPrivilege(Ljava/security/PrivilegedAction;Ljava/security/AccessControlContext;Ljava/security/AccessControlContext;)Ljava/lang/Object;+28
j  java.awt.EventQueue.dispatchEvent(Ljava/awt/AWTEvent;)V+46
j  java.awt.EventDispatchThread.pumpOneEventForFilters(I)Z+204
j  java.awt.EventDispatchThread.pumpEventsForFilter(ILjava/awt/Conditional;Ljava/awt/EventFilter;)V+30
j  java.awt.EventDispatchThread.pumpEventsForHierarchy(ILjava/awt/Conditional;Ljava/awt/Component;)V+11
j  java.awt.EventDispatchThread.pumpEvents(ILjava/awt/Conditional;)V+4
j  java.awt.EventDispatchThread.pumpEvents(Ljava/awt/Conditional;)V+3
j  java.awt.EventDispatchThread.run()V+9
v  ~StubRoutines::call_stub

---------------  P R O C E S S  ---------------

Java Threads: ( => current thread )
  0x0000000007f83000 JavaThread "Map panel background drawer" daemon [_thread_blocked, id=764, stack(0x000000000ea40000,0x000000000eb40000)]
  0x0000000007f84000 JavaThread "Java Sound Event Dispatcher" daemon [_thread_blocked, id=7132, stack(0x000000000e740000,0x000000000e840000)]
  0x0000000007f80800 JavaThread "Triplea sound loader" [_thread_in_native, id=1236, stack(0x0000000009500000,0x0000000009600000)]
  0x0000000007f81000 JavaThread "Triplea start thread" [_thread_blocked, id=5592, stack(0x0000000009300000,0x0000000009400000)]
  0x0000000007f82000 JavaThread "Timer-1" [_thread_blocked, id=9220, stack(0x0000000009000000,0x0000000009100000)]
  0x0000000007f82800 JavaThread "Swing-Shell" daemon [_thread_blocked, id=5488, stack(0x000000000b320000,0x000000000b420000)]
  0x0000000007f7c800 JavaThread "Laf-Widget fade tracker" daemon [_thread_blocked, id=9392, stack(0x0000000009400000,0x0000000009500000)]
  0x00000000003fc000 JavaThread "DestroyJavaVM" [_thread_blocked, id=9240, stack(0x0000000002410000,0x0000000002510000)]
  0x0000000007fef800 JavaThread "TimerQueue" daemon [_thread_blocked, id=8028, stack(0x0000000009200000,0x0000000009300000)]
  0x0000000007db6000 JavaThread "Console std out reader" daemon [_thread_blocked, id=9412, stack(0x0000000008f00000,0x0000000009000000)]
  0x0000000007db3000 JavaThread "Console std err reader" daemon [_thread_blocked, id=6196, stack(0x0000000008e00000,0x0000000008f00000)]
=>0x0000000006935000 JavaThread "AWT-EventQueue-0" [_thread_in_native, id=6828, stack(0x0000000007c60000,0x0000000007d60000)]
  0x0000000006928000 JavaThread "AWT-Windows" daemon [_thread_in_native, id=1016, stack(0x00000000075e0000,0x00000000076e0000)]
  0x0000000006927000 JavaThread "AWT-Shutdown" [_thread_blocked, id=10164, stack(0x00000000074e0000,0x00000000075e0000)]
  0x0000000006870000 JavaThread "Java2D Disposer" daemon [_thread_blocked, id=9008, stack(0x00000000073e0000,0x00000000074e0000)]
  0x0000000006843800 JavaThread "Low Memory Detector" daemon [_thread_blocked, id=9632, stack(0x0000000006ee0000,0x0000000006fe0000)]
  0x000000000683f800 JavaThread "C2 CompilerThread1" daemon [_thread_blocked, id=9984, stack(0x0000000006de0000,0x0000000006ee0000)]
  0x000000000683e000 JavaThread "C2 CompilerThread0" daemon [_thread_blocked, id=4228, stack(0x0000000006ce0000,0x0000000006de0000)]
  0x000000000683b000 JavaThread "Attach Listener" daemon [_thread_blocked, id=4620, stack(0x0000000006be0000,0x0000000006ce0000)]
  0x0000000006836000 JavaThread "Signal Dispatcher" daemon [_thread_blocked, id=7964, stack(0x0000000006ae0000,0x0000000006be0000)]
  0x00000000067e5800 JavaThread "Finalizer" daemon [_thread_blocked, id=3776, stack(0x00000000069e0000,0x0000000006ae0000)]
  0x000000000052a800 JavaThread "Reference Handler" daemon [_thread_blocked, id=6288, stack(0x00000000066e0000,0x00000000067e0000)]

Other Threads:
  0x0000000000523000 VMThread [stack: 0x00000000065e0000,0x00000000066e0000] [id=5948]
  0x0000000006857000 WatcherThread [stack: 0x0000000006fe0000,0x00000000070e0000] [id=9844]

VM state:not at safepoint (normal execution)

VM Mutex/Monitor currently owned by a thread: None

Heap
 PSYoungGen      total 42048K, used 12981K [0x00000007d6600000, 0x00000007db620000, 0x0000000800000000)
  eden space 31680K, 21% used [0x00000007d6600000,0x00000007d6c96510,0x00000007d84f0000)
  from space 10368K, 60% used [0x00000007d8e90000,0x00000007d94a6ff8,0x00000007d98b0000)
  to   space 9856K, 0% used [0x00000007d84f0000,0x00000007d84f0000,0x00000007d8e90000)
 PSOldGen        total 85248K, used 8590K [0x0000000783200000, 0x0000000788540000, 0x00000007d6600000)
  object space 85248K, 10% used [0x0000000783200000,0x0000000783a639a8,0x0000000788540000)
 PSPermGen       total 32768K, used 32738K [0x000000077e000000, 0x0000000780000000, 0x0000000783200000)
  object space 32768K, 99% used [0x000000077e000000,0x000000077fff8968,0x0000000780000000)

Code Cache  [0x0000000002510000, 0x0000000002780000, 0x0000000005510000)
 total_blobs=1068 nmethods=500 adapters=521 free_code_cache=48263168 largest_free_block=7296

Dynamic libraries:
0x0000000000400000 - 0x000000000042f000 	C:\Program Files\Java\jre6\bin\javaw.exe
0x0000000077c60000 - 0x0000000077e09000 	C:\Windows\SYSTEM32\ntdll.dll
0x0000000077b40000 - 0x0000000077c5f000 	C:\Windows\system32\kernel32.dll
0x000007fefdd70000 - 0x000007fefdddb000 	C:\Windows\system32\KERNELBASE.dll
0x000007feff5c0000 - 0x000007feff69b000 	C:\Windows\system32\ADVAPI32.dll
0x000007feff3d0000 - 0x000007feff46f000 	C:\Windows\system32\msvcrt.dll
0x000007feffb40000 - 0x000007feffb5f000 	C:\Windows\SYSTEM32\sechost.dll
0x000007fefde70000 - 0x000007fefdf9d000 	C:\Windows\system32\RPCRT4.dll
0x0000000077a40000 - 0x0000000077b3a000 	C:\Windows\system32\USER32.dll
0x000007feffb60000 - 0x000007feffbc7000 	C:\Windows\system32\GDI32.dll
0x000007fefe2f0000 - 0x000007fefe2fe000 	C:\Windows\system32\LPK.dll
0x000007feff300000 - 0x000007feff3c9000 	C:\Windows\system32\USP10.dll
0x000007feff590000 - 0x000007feff5be000 	C:\Windows\system32\IMM32.DLL
0x000007feff180000 - 0x000007feff289000 	C:\Windows\system32\MSCTF.dll
0x000000006d800000 - 0x000000006dfbb000 	C:\Program Files\Java\jre6\bin\server\jvm.dll
0x000007fefb420000 - 0x000007fefb45b000 	C:\Windows\system32\WINMM.dll
0x000000006d770000 - 0x000000006d77e000 	C:\Program Files\Java\jre6\bin\verify.dll
0x000000006d3b0000 - 0x000000006d3d7000 	C:\Program Files\Java\jre6\bin\java.dll
0x000000006d7c0000 - 0x000000006d7d2000 	C:\Program Files\Java\jre6\bin\zip.dll
0x000000006d000000 - 0x000000006d1c4000 	C:\Program Files\Java\jre6\bin\awt.dll
0x000007fefb9f0000 - 0x000007fefba61000 	C:\Windows\system32\WINSPOOL.DRV
0x000007feff930000 - 0x000007feffb33000 	C:\Windows\system32\ole32.dll
0x000007fefe300000 - 0x000007feff088000 	C:\Windows\system32\SHELL32.dll
0x000007feff510000 - 0x000007feff581000 	C:\Windows\system32\SHLWAPI.dll
0x000007fefc4c0000 - 0x000007fefc6b4000 	C:\Windows\WinSxS\amd64_microsoft.windows.common-controls_6595b64144ccf1df_6.0.7601.17514_none_fa396087175ac9ac\COMCTL32.dll
0x000000006d550000 - 0x000000006d55a000 	C:\Program Files\Java\jre6\bin\management.dll
0x000007fefbeb0000 - 0x000007fefbec8000 	C:\Windows\system32\DWMAPI.DLL
0x000007fefc2e0000 - 0x000007fefc336000 	C:\Windows\system32\uxtheme.dll
0x000000006d2a0000 - 0x000000006d307000 	C:\Program Files\Java\jre6\bin\fontmanager.dll
0x000007fefd970000 - 0x000007fefd97f000 	C:\Windows\system32\CRYPTBASE.dll
0x0000000010000000 - 0x0000000010065000 	C:\Program Files\ThinkPad\Bluetooth Software\btmmhook.dll
0x000007feff090000 - 0x000007feff167000 	C:\Windows\system32\OLEAUT32.dll
0x0000000077e20000 - 0x0000000077e27000 	C:\Windows\system32\PSAPI.DLL
0x000000006d610000 - 0x000000006d627000 	C:\Program Files\Java\jre6\bin\net.dll
0x000007feff290000 - 0x000007feff2dd000 	C:\Windows\system32\WS2_32.dll
0x000007feff170000 - 0x000007feff178000 	C:\Windows\system32\NSI.dll
0x000007fefd250000 - 0x000007fefd2a5000 	C:\Windows\system32\mswsock.dll
0x000007fefd240000 - 0x000007fefd247000 	C:\Windows\System32\wship6.dll
0x000000006d630000 - 0x000000006d63b000 	C:\Program Files\Java\jre6\bin\nio.dll
0x000000006d210000 - 0x000000006d238000 	C:\Program Files\Java\jre6\bin\dcpr.dll
0x000000006d560000 - 0x000000006d60f000 	C:\Program Files\Java\jre6\bin\mlib_image.dll
0x000007fefd2b0000 - 0x000007fefd2c7000 	C:\Windows\system32\CRYPTSP.dll
0x000007fefcfa0000 - 0x000007fefcfe7000 	C:\Windows\system32\rsaenh.dll
0x000007fefcd30000 - 0x000007fefcd4e000 	C:\Windows\system32\USERENV.dll
0x000007fefda40000 - 0x000007fefda4f000 	C:\Windows\system32\profapi.dll
0x000007fefb3c0000 - 0x000007fefb3d5000 	C:\Windows\system32\NLAapi.dll
0x000007feef670000 - 0x000007feef685000 	C:\Windows\system32\napinsp.dll
0x000007feef310000 - 0x000007feef329000 	C:\Windows\system32\pnrpnsp.dll
0x000007fefbab0000 - 0x000007fefbac0000 	C:\Windows\system32\wshbth.dll
0x000007fef50b0000 - 0x000007fef50de000 	C:\Program Files\Common Files\Microsoft Shared\Windows Live\WLIDNSP.DLL
0x000007fefd0c0000 - 0x000007fefd11b000 	C:\Windows\system32\DNSAPI.dll
0x000007feef220000 - 0x000007feef22b000 	C:\Windows\System32\winrnr.dll
0x000007fefcc20000 - 0x000007fefcc27000 	C:\Windows\System32\wshtcpip.dll
0x000007fefaf20000 - 0x000007fefaf47000 	C:\Windows\system32\IPHLPAPI.DLL
0x000007fefaf00000 - 0x000007fefaf0b000 	C:\Windows\system32\WINNSI.DLL
0x000007fef50a0000 - 0x000007fef50a8000 	C:\Windows\system32\rasadhlp.dll
0x000007fefab60000 - 0x000007fefabb3000 	C:\Windows\System32\fwpuclnt.dll
0x000007feffbd0000 - 0x000007feffda7000 	C:\Windows\system32\SETUPAPI.dll
0x000007fefdc70000 - 0x000007fefdca6000 	C:\Windows\system32\CFGMGR32.dll
0x000007fefdde0000 - 0x000007fefddfa000 	C:\Windows\system32\DEVOBJ.dll
0x000007fefdfa0000 - 0x000007fefe039000 	C:\Windows\system32\CLBCatQ.DLL
0x000007fefc340000 - 0x000007fefc46c000 	C:\Windows\system32\propsys.dll
0x000007fefb5e0000 - 0x000007fefb60d000 	C:\Windows\system32\ntmarta.dll
0x000007fefff10000 - 0x000007fefff62000 	C:\Windows\system32\WLDAP32.dll
0x000007fefd8d0000 - 0x000007fefd927000 	C:\Windows\system32\apphelp.dll
0x000007fef2e90000 - 0x000007fef302c000 	C:\Windows\system32\NetworkExplorer.dll
0x000007fefb9a0000 - 0x000007fefb9d4000 	C:\Windows\System32\shdocvw.dll
0x000007fefb240000 - 0x000007fefb24b000 	C:\Windows\system32\slc.dll
0x000007fefb400000 - 0x000007fefb418000 	C:\Windows\system32\MPR.dll
0x000007fefaf60000 - 0x000007fefaf6a000 	C:\Windows\System32\drprov.dll
0x000007fefd930000 - 0x000007fefd96d000 	C:\Windows\System32\WINSTA.dll
0x000007fef23c0000 - 0x000007fef23e2000 	C:\Windows\System32\ntlanman.dll
0x000007fef3dc0000 - 0x000007fef3ddd000 	C:\Windows\System32\davclnt.dll
0x000007fefad70000 - 0x000007fefad7a000 	C:\Windows\System32\DAVHLPR.dll
0x000007fefb7f0000 - 0x000007fefb805000 	C:\Windows\system32\wkscli.dll
0x000007fef3c10000 - 0x000007fef3c1f000 	C:\Windows\system32\cscapi.dll
0x000007fefb810000 - 0x000007fefb81c000 	C:\Windows\system32\netutils.dll
0x000007feee550000 - 0x000007feee7c1000 	C:\Windows\system32\wpdshext.dll
0x000007fef4b80000 - 0x000007fef4d96000 	C:\Windows\WinSxS\amd64_microsoft.windows.gdiplus_6595b64144ccf1df_1.1.7601.18120_none_2b25b14c71ebf230\gdiplus.dll
0x000007fef0110000 - 0x000007fef01cd000 	C:\Windows\system32\PortableDeviceApi.dll
0x000007fefde20000 - 0x000007fefde5a000 	C:\Windows\system32\WINTRUST.dll
0x000007fefdaf0000 - 0x000007fefdc5c000 	C:\Windows\system32\CRYPT32.dll
0x000007fefdae0000 - 0x000007fefdaef000 	C:\Windows\system32\MSASN1.dll
0x000007fef5c40000 - 0x000007fef5c75000 	C:\Windows\system32\EhStorShell.dll
0x000007fef4f90000 - 0x000007fef4fb7000 	C:\Windows\system32\EhStorAPI.dll
0x000007fefbc30000 - 0x000007fefbc3c000 	C:\Windows\system32\LINKINFO.dll
0x000007fefad80000 - 0x000007fefaee1000 	C:\Windows\system32\WindowsCodecs.dll
0x0000000075830000 - 0x0000000075846000 	C:\Program Files\Common Files\TortoiseOverlays\TortoiseOverlays.dll
0x0000000075850000 - 0x0000000075860000 	C:\Program Files\TortoiseSVN\bin\TortoiseStub.dll
0x00000000757a0000 - 0x000000007581b000 	C:\Program Files\TortoiseSVN\bin\TortoiseSVN.dll
0x000007fefe040000 - 0x000007fefe26d000 	C:\Windows\system32\WININET.dll
0x000007fefde10000 - 0x000007fefde14000 	C:\Windows\system32\api-ms-win-downlevel-user32-l1-1-0.dll
0x000007fefde00000 - 0x000007fefde05000 	C:\Windows\system32\api-ms-win-downlevel-advapi32-l1-1-0.dll
0x000007fefdc60000 - 0x000007fefdc64000 	C:\Windows\system32\api-ms-win-downlevel-shlwapi-l1-1-0.dll
0x000007fefdd60000 - 0x000007fefdd64000 	C:\Windows\system32\api-ms-win-downlevel-version-l1-1-0.dll
0x000007fefcb50000 - 0x000007fefcb5c000 	C:\Windows\system32\version.DLL
0x000007fefdcb0000 - 0x000007fefdcb3000 	C:\Windows\system32\api-ms-win-downlevel-normaliz-l1-1-0.dll
0x0000000077e30000 - 0x0000000077e33000 	C:\Windows\system32\normaliz.DLL
0x000007feff6a0000 - 0x000007feff92c000 	C:\Windows\system32\iertutil.dll
0x000007fef28c0000 - 0x000007fef2c8e000 	C:\Program Files\TortoiseSVN\bin\libsvn_tsvn.dll
0x0000000075770000 - 0x000000007579b000 	C:\Program Files\TortoiseSVN\bin\libapr_tsvn.dll
0x0000000074ac0000 - 0x0000000074b92000 	C:\Windows\system32\MSVCR100.dll
0x0000000075720000 - 0x0000000075761000 	C:\Program Files\TortoiseSVN\bin\libaprutil_tsvn.dll
0x000007fefbad0000 - 0x000007fefbae0000 	C:\Program Files\TortoiseSVN\bin\intl3_tsvn.dll
0x000007fefba70000 - 0x000007fefba8a000 	C:\Program Files\TortoiseSVN\bin\libsasl.dll
0x000007fefd6d0000 - 0x000007fefd6db000 	C:\Windows\system32\Secur32.dll
0x000007fefd8a0000 - 0x000007fefd8c5000 	C:\Windows\system32\SSPICLI.DLL
0x0000000075380000 - 0x0000000075418000 	C:\Windows\system32\MSVCP100.dll
0x000007fef4fc0000 - 0x000007fef503e000 	C:\Windows\System32\cscui.dll
0x000007fefbf30000 - 0x000007fefbf3c000 	C:\Windows\System32\CSCDLL.dll
0x000007fef3c40000 - 0x000007fef3cc0000 	C:\Windows\system32\ntshrui.dll
0x000007fefd570000 - 0x000007fefd593000 	C:\Windows\system32\srvcli.dll
0x000000006d4d0000 - 0x000000006d505000 	C:\Program Files\Java\jre6\bin\jpeg.dll
0x000000006d510000 - 0x000000006d53e000 	C:\Program Files\Java\jre6\bin\jsound.dll
0x000000006d540000 - 0x000000006d54a000 	C:\Program Files\Java\jre6\bin\jsoundds.dll
0x000007fef2460000 - 0x000007fef24e8000 	C:\Windows\system32\DSOUND.dll
0x000007fefbd90000 - 0x000007fefbdbc000 	C:\Windows\system32\POWRPROF.dll
0x000007fefbed0000 - 0x000007fefbf1b000 	C:\Windows\system32\MMDevAPI.DLL
0x000007fef4de0000 - 0x000007fef4e1b000 	C:\Windows\system32\wdmaud.drv
0x0000000074ea0000 - 0x0000000074ea6000 	C:\Windows\system32\ksuser.dll
0x000007fefbd80000 - 0x000007fefbd89000 	C:\Windows\system32\AVRT.dll
0x000007fefb250000 - 0x000007fefb29f000 	C:\Windows\system32\AUDIOSES.DLL
0x000007fefbac0000 - 0x000007fefbaca000 	C:\Windows\system32\msacm32.drv
0x000007fefb3e0000 - 0x000007fefb3f8000 	C:\Windows\system32\MSACM32.dll
0x000007fefb6c0000 - 0x000007fefb6c9000 	C:\Windows\system32\midimap.dll

VM Arguments:
jvm_args: -Dfile.encoding=Cp1252 
java_command: games.strategy.engine.framework.GameRunner2
Launcher Type: SUN_STANDARD

Environment Variables:
JAVA_HOME=C:\Program Files\Java\jdk1.6.0_37
CLASSPATH=.;C:\Program Files (x86)\Java\jre6\lib\ext\QTJava.zip
PATH=C:\Program Files (x86)\NVIDIA Corporation\PhysX\Common;C:\Program Files (x86)\RSA SecurID Token Common;C:\Users\AMENTRA-R84A27L\OracleClient;C:\Program Files\Common Files\Microsoft Shared\Windows Live;C:\Program Files (x86)\Common Files\Microsoft Shared\Windows Live;C:\Windows\system32;C:\Windows;C:\Windows\System32\Wbem;C:\Windows\System32\WindowsPowerShell\v1.0\;C:\Program Files\ThinkPad\Bluetooth Software\;C:\Program Files\ThinkPad\Bluetooth Software\syswow64;C:\Program Files\Intel\WiFi\bin\;C:\Program Files\Common Files\Intel\WirelessCommon\;C:\Program Files (x86)\Common Files\Lenovo;C:\Program Files (x86)\Common Files\Ulead Systems\MPEG;C:\Program Files (x86)\Lenovo\Access Connections\;c:\Program Files (x86)\Microsoft SQL Server\90\Tools\binn\;C:\Users\AMENTRA-R84A27L\apache-ant-1.8.1\bin;C:\Program Files (x86)\MySQL\MySQL Server 5.1\bin;C:\Program Files (x86)\Windows Live\Shared;C:\Program Files (x86)\QuickTime\QTSystem\;C:\Users\AMENTRA-R84A27L\MySQL\bin;C:\Program Files\TortoiseSVN\bin;C:\Program Files (x86)\Seapine\Surround SCM
USERNAME=Ron
OS=Windows_NT
PROCESSOR_IDENTIFIER=Intel64 Family 6 Model 37 Stepping 2, GenuineIntel



---------------  S Y S T E M  ---------------

OS: Windows 7 , 64 bit Build 7601 Service Pack 1

CPU:total 4 (2 cores per cpu, 2 threads per core) family 6 model 37 stepping 2, cmov, cx8, fxsr, mmx, sse, sse2, sse3, ssse3, sse4.1, sse4.2, popcnt, ht

Memory: 4k page, physical 8179376k(3551572k free), swap 16356888k(7912248k free)

vm_info: Java HotSpot(TM) 64-Bit Server VM (20.12-b01) for windows-amd64 JRE (1.6.0_37-b06), built on Sep 24 2012 11:45:14 by "java_re" with MS VC++ 8.0 (VS2005)

time: Wed Oct 30 22:23:08 2013
elapsed time: 17 seconds

