#
# A fatal error has been detected by the Java Runtime Environment:
#
#  EXCEPTION_ACCESS_VIOLATION (0xc0000005) at pc=0x000007feff940c7b, pid=7444, tid=6896
#
# JRE version: 6.0_37-b06
# Java VM: Java HotSpot(TM) 64-Bit Server VM (20.12-b01 mixed mode windows-amd64 compressed oops)
# Problematic frame:
# C  [ole32.dll+0x10c7b]
#
# If you would like to submit a bug report, please visit:
#   http://java.sun.com/webapps/bugreport/crash.jsp
# The crash happened outside the Java Virtual Machine in native code.
# See problematic frame for where to report the bug.
#

---------------  T H R E A D  ---------------

Current thread (0x00000000069a1800):  JavaThread "AWT-EventQueue-0" [_thread_in_native, id=6896, stack(0x0000000007bf0000,0x0000000007cf0000)]

siginfo: ExceptionCode=0xc0000005, writing address 0x0000000000000030

Registers:
RAX=0x0000000000000000, RBX=0x0000000000227790, RCX=0x0000000000001af0, RDX=0x000007feffad6620
RSP=0x0000000007cede00, RBP=0x000000000b5142c0, RSI=0x0000000000000000, RDI=0x0000000000227790
R8 =0x00000000000003d4, R9 =0x000007feffab7f18, R10=0x0000000000000000, R11=0x0000000007cedd20
R12=0x0000000000000000, R13=0x000000000b56fe30, R14=0x0000000000000000, R15=0x0000000000000000
RIP=0x000007feff940c7b, EFLAGS=0x0000000000010246

Top of Stack: (sp=0x0000000007cede00)
0x0000000007cede00:   0000000000227790 0000000000000000
0x0000000007cede10:   0000000000000000 0000000000000080
0x0000000007cede20:   000000b400000000 0000000000430470
0x0000000007cede30:   00001d1400002c00 4024b99de3aba1e4
0x0000000007cede40:   0000d73ecd86a835 000000077e0c1b01
0x0000000007cede50:   0000000000000001 0000000007f8d318
0x0000000007cede60:   0000000000000000 000000000b5142c0
0x0000000007cede70:   00000000069a19d0 000007feff941225
0x0000000007cede80:   0000000000000000 000000000b5142c0
0x0000000007cede90:   0000000000000000 000000006d9ed339
0x0000000007cedea0:   0000000009c8ff10 000007feffaa3135
0x0000000007cedeb0:   000000000b5142c0 0000000007d95a48
0x0000000007cedec0:   000000000688cc70 000007fefdd79492
0x0000000007ceded0:   0000000009c8ff10 000007feffa5de9d
0x0000000007cedee0:   000000000b5142c0 0000000007f8d318
0x0000000007cedef0:   0000000000000018 0000000000000928 

Instructions: (pc=0x000007feff940c7b)
0x000007feff940c5b:   60 1c 00 41 b8 d4 03 00 00 e8 47 82 01 00 85 f6
0x000007feff940c6b:   78 2b f3 0f 6f 44 24 30 48 8b 45 18 4c 89 6d 20
0x000007feff940c7b:   f3 0f 7f 40 30 f6 45 0c 01 75 12 48 8b cd e8 be
0x000007feff940c8b:   fa ff ff 8b f0 85 c0 78 04 83 4d 0c 01 48 8b cd 


Register to memory mapping:

RAX=0x0000000000000000 is an unknown value
RBX=0x0000000000227790 is an unknown value
RCX=0x0000000000001af0 is an unknown value
RDX=0x000007feffad6620 is an unknown value
RSP=0x0000000007cede00 is pointing into the stack for thread: 0x00000000069a1800
RBP=0x000000000b5142c0 is an unknown value
RSI=0x0000000000000000 is an unknown value
RDI=0x0000000000227790 is an unknown value
R8 =0x00000000000003d4 is an unknown value
R9 =0x000007feffab7f18 is an unknown value
R10=0x0000000000000000 is an unknown value
R11=0x0000000007cedd20 is pointing into the stack for thread: 0x00000000069a1800
R12=0x0000000000000000 is an unknown value
R13=0x000000000b56fe30 is an unknown value
R14=0x0000000000000000 is an unknown value
R15=0x0000000000000000 is an unknown value


Stack: [0x0000000007bf0000,0x0000000007cf0000],  sp=0x0000000007cede00,  free space=1015k
Native frames: (J=compiled Java code, j=interpreted, Vv=VM code, C=native code)
C  [ole32.dll+0x10c7b]  CLSIDFromString+0x5fb

Java frames: (J=compiled Java code, j=interpreted, Vv=VM code)
j  sun.awt.windows.WComponentPeer.addNativeDropTarget()J+0
j  sun.awt.windows.WComponentPeer.addDropTarget(Ljava/awt/dnd/DropTarget;)V+9
j  java.awt.dnd.DropTarget.addNotify(Ljava/awt/peer/ComponentPeer;)V+60
j  java.awt.Component.addNotify()V+297
j  java.awt.Container.addNotify()V+8
j  javax.swing.JComponent.addNotify()V+1
j  java.awt.Container.addNotify()V+61
j  javax.swing.JComponent.addNotify()V+1
j  java.awt.Container.addNotify()V+61
j  javax.swing.JComponent.addNotify()V+1
j  javax.swing.JMenuBar.addNotify()V+1
j  java.awt.Container.addNotify()V+61
j  javax.swing.JComponent.addNotify()V+1
j  java.awt.Container.addNotify()V+61
j  javax.swing.JComponent.addNotify()V+1
j  javax.swing.JRootPane.addNotify()V+1
j  java.awt.Container.addNotify()V+61
j  java.awt.Window.addNotify()V+73
j  java.awt.Frame.addNotify()V+70
j  java.awt.Window.show()V+8
j  games.strategy.triplea.ui.TripleAFrame.show()V+1
j  java.awt.Component.show(Z)V+5
j  java.awt.Component.setVisible(Z)V+2
j  java.awt.Window.setVisible(Z)V+2
j  games.strategy.triplea.TripleA$3.run()V+106
j  java.awt.event.InvocationEvent.dispatch()V+11
j  java.awt.EventQueue.dispatchEventImpl(Ljava/awt/AWTEvent;Ljava/lang/Object;)V+21
j  java.awt.EventQueue.access$400(Ljava/awt/EventQueue;Ljava/awt/AWTEvent;Ljava/lang/Object;)V+3
j  java.awt.EventQueue$2.run()Ljava/lang/Void;+12
j  java.awt.EventQueue$2.run()Ljava/lang/Object;+1
v  ~StubRoutines::call_stub
j  java.security.AccessController.doPrivileged(Ljava/security/PrivilegedAction;Ljava/security/AccessControlContext;)Ljava/lang/Object;+0
j  java.security.AccessControlContext$1.doIntersectionPrivilege(Ljava/security/PrivilegedAction;Ljava/security/AccessControlContext;Ljava/security/AccessControlContext;)Ljava/lang/Object;+28
j  java.awt.EventQueue.dispatchEvent(Ljava/awt/AWTEvent;)V+46
j  java.awt.EventDispatchThread.pumpOneEventForFilters(I)Z+204
j  java.awt.EventDispatchThread.pumpEventsForFilter(ILjava/awt/Conditional;Ljava/awt/EventFilter;)V+30
j  java.awt.EventDispatchThread.pumpEventsForHierarchy(ILjava/awt/Conditional;Ljava/awt/Component;)V+11
j  java.awt.EventDispatchThread.pumpEvents(ILjava/awt/Conditional;)V+4
j  java.awt.EventDispatchThread.pumpEvents(Ljava/awt/Conditional;)V+3
j  java.awt.EventDispatchThread.run()V+9
v  ~StubRoutines::call_stub

---------------  P R O C E S S  ---------------

Java Threads: ( => current thread )
  0x000000000a8b7000 JavaThread "Map panel background drawer" daemon [_thread_blocked, id=7568, stack(0x000000000ec20000,0x000000000ed20000)]
  0x000000000a8b6000 JavaThread "Java Sound Event Dispatcher" daemon [_thread_blocked, id=4404, stack(0x000000000e920000,0x000000000ea20000)]
  0x000000000a8b5800 JavaThread "Triplea sound loader" [_thread_in_native, id=6528, stack(0x000000000d9e0000,0x000000000dae0000)]
  0x000000000a8b4000 JavaThread "Triplea start thread" [_thread_blocked, id=8544, stack(0x000000000d8e0000,0x000000000d9e0000)]
  0x000000000a8b5000 JavaThread "Timer-1" [_thread_blocked, id=5008, stack(0x00000000095f0000,0x00000000096f0000)]
  0x000000000a8b3800 JavaThread "Swing-Shell" daemon [_thread_blocked, id=5816, stack(0x00000000090f0000,0x00000000091f0000)]
  0x0000000007f19000 JavaThread "Laf-Widget fade tracker" daemon [_thread_blocked, id=8592, stack(0x00000000094f0000,0x00000000095f0000)]
  0x000000000057c000 JavaThread "DestroyJavaVM" [_thread_blocked, id=6600, stack(0x00000000023e0000,0x00000000024e0000)]
  0x0000000007e5b800 JavaThread "TimerQueue" daemon [_thread_blocked, id=9344, stack(0x00000000092f0000,0x00000000093f0000)]
  0x0000000007db5800 JavaThread "Console std out reader" daemon [_thread_blocked, id=5828, stack(0x0000000008ff0000,0x00000000090f0000)]
  0x0000000007db2800 JavaThread "Console std err reader" daemon [_thread_blocked, id=7712, stack(0x0000000008ef0000,0x0000000008ff0000)]
=>0x00000000069a1800 JavaThread "AWT-EventQueue-0" [_thread_in_native, id=6896, stack(0x0000000007bf0000,0x0000000007cf0000)]
  0x0000000006951800 JavaThread "AWT-Windows" daemon [_thread_in_native, id=6060, stack(0x0000000007570000,0x0000000007670000)]
  0x0000000006950800 JavaThread "AWT-Shutdown" [_thread_blocked, id=7380, stack(0x0000000007470000,0x0000000007570000)]
  0x000000000694c000 JavaThread "Java2D Disposer" daemon [_thread_blocked, id=7812, stack(0x0000000007370000,0x0000000007470000)]
  0x0000000006873000 JavaThread "Low Memory Detector" daemon [_thread_blocked, id=8228, stack(0x0000000006df0000,0x0000000006ef0000)]
  0x0000000006861000 JavaThread "C2 CompilerThread1" daemon [_thread_blocked, id=5924, stack(0x0000000006cf0000,0x0000000006df0000)]
  0x000000000684a800 JavaThread "C2 CompilerThread0" daemon [_thread_blocked, id=7664, stack(0x0000000006bf0000,0x0000000006cf0000)]
  0x0000000006846800 JavaThread "Attach Listener" daemon [_thread_blocked, id=10132, stack(0x0000000006af0000,0x0000000006bf0000)]
  0x0000000006841800 JavaThread "Signal Dispatcher" daemon [_thread_blocked, id=1500, stack(0x00000000069f0000,0x0000000006af0000)]
  0x000000000052e800 JavaThread "Finalizer" daemon [_thread_blocked, id=1852, stack(0x00000000066f0000,0x00000000067f0000)]
  0x0000000000525800 JavaThread "Reference Handler" daemon [_thread_blocked, id=6192, stack(0x00000000065f0000,0x00000000066f0000)]

Other Threads:
  0x000000000051d000 VMThread [stack: 0x00000000064f0000,0x00000000065f0000] [id=7972]
  0x000000000688c000 WatcherThread [stack: 0x0000000006ef0000,0x0000000006ff0000] [id=4836]

VM state:not at safepoint (normal execution)

VM Mutex/Monitor currently owned by a thread: None

Heap
 PSYoungGen      total 41920K, used 14948K [0x00000007d6600000, 0x00000007db660000, 0x0000000800000000)
  eden space 31552K, 29% used [0x00000007d6600000,0x00000007d6f13f80,0x00000007d84d0000)
  from space 10368K, 54% used [0x00000007d8e90000,0x00000007d94151f0,0x00000007d98b0000)
  to   space 9984K, 0% used [0x00000007d84d0000,0x00000007d84d0000,0x00000007d8e90000)
 PSOldGen        total 85248K, used 8171K [0x0000000783200000, 0x0000000788540000, 0x00000007d6600000)
  object space 85248K, 9% used [0x0000000783200000,0x00000007839fad08,0x0000000788540000)
 PSPermGen       total 32960K, used 32957K [0x000000077e000000, 0x0000000780030000, 0x0000000783200000)
  object space 32960K, 99% used [0x000000077e000000,0x000000078002f4d0,0x0000000780030000)

Code Cache  [0x00000000024e0000, 0x0000000002750000, 0x00000000054e0000)
 total_blobs=1093 nmethods=523 adapters=523 free_code_cache=48218688 largest_free_block=7296

Dynamic libraries:
0x0000000000400000 - 0x000000000042f000 	C:\Program Files\Java\jre6\bin\javaw.exe
0x0000000077c60000 - 0x0000000077e09000 	C:\Windows\SYSTEM32\ntdll.dll
0x0000000077b40000 - 0x0000000077c5f000 	C:\Windows\system32\kernel32.dll
0x000007fefdd70000 - 0x000007fefdddb000 	C:\Windows\system32\KERNELBASE.dll
0x000007feff5c0000 - 0x000007feff69b000 	C:\Windows\system32\ADVAPI32.dll
0x000007feff3d0000 - 0x000007feff46f000 	C:\Windows\system32\msvcrt.dll
0x000007feffb40000 - 0x000007feffb5f000 	C:\Windows\SYSTEM32\sechost.dll
0x000007fefde70000 - 0x000007fefdf9d000 	C:\Windows\system32\RPCRT4.dll
0x0000000077a40000 - 0x0000000077b3a000 	C:\Windows\system32\USER32.dll
0x000007feffb60000 - 0x000007feffbc7000 	C:\Windows\system32\GDI32.dll
0x000007fefe2f0000 - 0x000007fefe2fe000 	C:\Windows\system32\LPK.dll
0x000007feff300000 - 0x000007feff3c9000 	C:\Windows\system32\USP10.dll
0x000007feff590000 - 0x000007feff5be000 	C:\Windows\system32\IMM32.DLL
0x000007feff180000 - 0x000007feff289000 	C:\Windows\system32\MSCTF.dll
0x000000006d800000 - 0x000000006dfbb000 	C:\Program Files\Java\jre6\bin\server\jvm.dll
0x000007fefb420000 - 0x000007fefb45b000 	C:\Windows\system32\WINMM.dll
0x000000006d770000 - 0x000000006d77e000 	C:\Program Files\Java\jre6\bin\verify.dll
0x000000006d3b0000 - 0x000000006d3d7000 	C:\Program Files\Java\jre6\bin\java.dll
0x000000006d7c0000 - 0x000000006d7d2000 	C:\Program Files\Java\jre6\bin\zip.dll
0x000000006d000000 - 0x000000006d1c4000 	C:\Program Files\Java\jre6\bin\awt.dll
0x000007fefb9f0000 - 0x000007fefba61000 	C:\Windows\system32\WINSPOOL.DRV
0x000007feff930000 - 0x000007feffb33000 	C:\Windows\system32\ole32.dll
0x000007fefe300000 - 0x000007feff088000 	C:\Windows\system32\SHELL32.dll
0x000007feff510000 - 0x000007feff581000 	C:\Windows\system32\SHLWAPI.dll
0x000007fefc4c0000 - 0x000007fefc6b4000 	C:\Windows\WinSxS\amd64_microsoft.windows.common-controls_6595b64144ccf1df_6.0.7601.17514_none_fa396087175ac9ac\COMCTL32.dll
0x000000006d550000 - 0x000000006d55a000 	C:\Program Files\Java\jre6\bin\management.dll
0x000007fefbeb0000 - 0x000007fefbec8000 	C:\Windows\system32\DWMAPI.DLL
0x000007fefc2e0000 - 0x000007fefc336000 	C:\Windows\system32\uxtheme.dll
0x000000006d2a0000 - 0x000000006d307000 	C:\Program Files\Java\jre6\bin\fontmanager.dll
0x000007fefd970000 - 0x000007fefd97f000 	C:\Windows\system32\CRYPTBASE.dll
0x0000000010000000 - 0x0000000010065000 	C:\Program Files\ThinkPad\Bluetooth Software\btmmhook.dll
0x000007feff090000 - 0x000007feff167000 	C:\Windows\system32\OLEAUT32.dll
0x0000000077e20000 - 0x0000000077e27000 	C:\Windows\system32\PSAPI.DLL
0x000000006d610000 - 0x000000006d627000 	C:\Program Files\Java\jre6\bin\net.dll
0x000007feff290000 - 0x000007feff2dd000 	C:\Windows\system32\WS2_32.dll
0x000007feff170000 - 0x000007feff178000 	C:\Windows\system32\NSI.dll
0x000007fefd250000 - 0x000007fefd2a5000 	C:\Windows\system32\mswsock.dll
0x000007fefd240000 - 0x000007fefd247000 	C:\Windows\System32\wship6.dll
0x000000006d630000 - 0x000000006d63b000 	C:\Program Files\Java\jre6\bin\nio.dll
0x000000006d210000 - 0x000000006d238000 	C:\Program Files\Java\jre6\bin\dcpr.dll
0x000000006d560000 - 0x000000006d60f000 	C:\Program Files\Java\jre6\bin\mlib_image.dll
0x000007fefd2b0000 - 0x000007fefd2c7000 	C:\Windows\system32\CRYPTSP.dll
0x000007fefcfa0000 - 0x000007fefcfe7000 	C:\Windows\system32\rsaenh.dll
0x000007fefcd30000 - 0x000007fefcd4e000 	C:\Windows\system32\USERENV.dll
0x000007fefda40000 - 0x000007fefda4f000 	C:\Windows\system32\profapi.dll
0x000007fefb3c0000 - 0x000007fefb3d5000 	C:\Windows\system32\NLAapi.dll
0x000007feef670000 - 0x000007feef685000 	C:\Windows\system32\napinsp.dll
0x000007feef310000 - 0x000007feef329000 	C:\Windows\system32\pnrpnsp.dll
0x000007fefbab0000 - 0x000007fefbac0000 	C:\Windows\system32\wshbth.dll
0x000007fef50b0000 - 0x000007fef50de000 	C:\Program Files\Common Files\Microsoft Shared\Windows Live\WLIDNSP.DLL
0x000007fefd0c0000 - 0x000007fefd11b000 	C:\Windows\system32\DNSAPI.dll
0x000007feef220000 - 0x000007feef22b000 	C:\Windows\System32\winrnr.dll
0x000007fefcc20000 - 0x000007fefcc27000 	C:\Windows\System32\wshtcpip.dll
0x000007fefaf20000 - 0x000007fefaf47000 	C:\Windows\system32\IPHLPAPI.DLL
0x000007fefaf00000 - 0x000007fefaf0b000 	C:\Windows\system32\WINNSI.DLL
0x000007fef50a0000 - 0x000007fef50a8000 	C:\Windows\system32\rasadhlp.dll
0x000007fefab60000 - 0x000007fefabb3000 	C:\Windows\System32\fwpuclnt.dll
0x000007feffbd0000 - 0x000007feffda7000 	C:\Windows\system32\SETUPAPI.dll
0x000007fefdc70000 - 0x000007fefdca6000 	C:\Windows\system32\CFGMGR32.dll
0x000007fefdde0000 - 0x000007fefddfa000 	C:\Windows\system32\DEVOBJ.dll
0x000007fefdfa0000 - 0x000007fefe039000 	C:\Windows\system32\CLBCatQ.DLL
0x000007fefc340000 - 0x000007fefc46c000 	C:\Windows\system32\propsys.dll
0x000007fefb5e0000 - 0x000007fefb60d000 	C:\Windows\system32\ntmarta.dll
0x000007fefff10000 - 0x000007fefff62000 	C:\Windows\system32\WLDAP32.dll
0x000007fefd8d0000 - 0x000007fefd927000 	C:\Windows\system32\apphelp.dll
0x000007fef2e90000 - 0x000007fef302c000 	C:\Windows\system32\NetworkExplorer.dll
0x000007fefb9a0000 - 0x000007fefb9d4000 	C:\Windows\System32\shdocvw.dll
0x000007fefb240000 - 0x000007fefb24b000 	C:\Windows\system32\slc.dll
0x000007fefb400000 - 0x000007fefb418000 	C:\Windows\system32\MPR.dll
0x000007fefaf60000 - 0x000007fefaf6a000 	C:\Windows\System32\drprov.dll
0x000007fefd930000 - 0x000007fefd96d000 	C:\Windows\System32\WINSTA.dll
0x000007fef23c0000 - 0x000007fef23e2000 	C:\Windows\System32\ntlanman.dll
0x000007fef3dc0000 - 0x000007fef3ddd000 	C:\Windows\System32\davclnt.dll
0x000007fefad70000 - 0x000007fefad7a000 	C:\Windows\System32\DAVHLPR.dll
0x000007fefb7f0000 - 0x000007fefb805000 	C:\Windows\system32\wkscli.dll
0x000007fef3c10000 - 0x000007fef3c1f000 	C:\Windows\system32\cscapi.dll
0x000007fefb810000 - 0x000007fefb81c000 	C:\Windows\system32\netutils.dll
0x000007feeb410000 - 0x000007feeb681000 	C:\Windows\system32\wpdshext.dll
0x000007fef4b80000 - 0x000007fef4d96000 	C:\Windows\WinSxS\amd64_microsoft.windows.gdiplus_6595b64144ccf1df_1.1.7601.18120_none_2b25b14c71ebf230\gdiplus.dll
0x000007fef0110000 - 0x000007fef01cd000 	C:\Windows\system32\PortableDeviceApi.dll
0x000007fefde20000 - 0x000007fefde5a000 	C:\Windows\system32\WINTRUST.dll
0x000007fefdaf0000 - 0x000007fefdc5c000 	C:\Windows\system32\CRYPT32.dll
0x000007fefdae0000 - 0x000007fefdaef000 	C:\Windows\system32\MSASN1.dll
0x000007fef5c40000 - 0x000007fef5c75000 	C:\Windows\system32\EhStorShell.dll
0x000007fefbd10000 - 0x000007fefbd37000 	C:\Windows\system32\EhStorAPI.dll
0x000007fefbc30000 - 0x000007fefbc3c000 	C:\Windows\system32\LINKINFO.dll
0x000007fefad80000 - 0x000007fefaee1000 	C:\Windows\system32\WindowsCodecs.dll
0x0000000075830000 - 0x0000000075846000 	C:\Program Files\Common Files\TortoiseOverlays\TortoiseOverlays.dll
0x0000000075850000 - 0x0000000075860000 	C:\Program Files\TortoiseSVN\bin\TortoiseStub.dll
0x00000000757a0000 - 0x000000007581b000 	C:\Program Files\TortoiseSVN\bin\TortoiseSVN.dll
0x000007fefe040000 - 0x000007fefe26d000 	C:\Windows\system32\WININET.dll
0x000007fefde10000 - 0x000007fefde14000 	C:\Windows\system32\api-ms-win-downlevel-user32-l1-1-0.dll
0x000007fefde00000 - 0x000007fefde05000 	C:\Windows\system32\api-ms-win-downlevel-advapi32-l1-1-0.dll
0x000007fefdc60000 - 0x000007fefdc64000 	C:\Windows\system32\api-ms-win-downlevel-shlwapi-l1-1-0.dll
0x000007fefdd60000 - 0x000007fefdd64000 	C:\Windows\system32\api-ms-win-downlevel-version-l1-1-0.dll
0x000007fefcb50000 - 0x000007fefcb5c000 	C:\Windows\system32\version.DLL
0x000007fefdcb0000 - 0x000007fefdcb3000 	C:\Windows\system32\api-ms-win-downlevel-normaliz-l1-1-0.dll
0x0000000077e30000 - 0x0000000077e33000 	C:\Windows\system32\normaliz.DLL
0x000007feff6a0000 - 0x000007feff92c000 	C:\Windows\system32\iertutil.dll
0x000007fef28c0000 - 0x000007fef2c8e000 	C:\Program Files\TortoiseSVN\bin\libsvn_tsvn.dll
0x0000000075770000 - 0x000000007579b000 	C:\Program Files\TortoiseSVN\bin\libapr_tsvn.dll
0x0000000074ac0000 - 0x0000000074b92000 	C:\Windows\system32\MSVCR100.dll
0x0000000075720000 - 0x0000000075761000 	C:\Program Files\TortoiseSVN\bin\libaprutil_tsvn.dll
0x000007fefbad0000 - 0x000007fefbae0000 	C:\Program Files\TortoiseSVN\bin\intl3_tsvn.dll
0x000007fefba70000 - 0x000007fefba8a000 	C:\Program Files\TortoiseSVN\bin\libsasl.dll
0x000007fefd6d0000 - 0x000007fefd6db000 	C:\Windows\system32\Secur32.dll
0x000007fefd8a0000 - 0x000007fefd8c5000 	C:\Windows\system32\SSPICLI.DLL
0x0000000075380000 - 0x0000000075418000 	C:\Windows\system32\MSVCP100.dll
0x000007fef4fc0000 - 0x000007fef503e000 	C:\Windows\System32\cscui.dll
0x000007fefbf30000 - 0x000007fefbf3c000 	C:\Windows\System32\CSCDLL.dll
0x000007fef3c40000 - 0x000007fef3cc0000 	C:\Windows\system32\ntshrui.dll
0x000007fefd570000 - 0x000007fefd593000 	C:\Windows\system32\srvcli.dll
0x000000006d4d0000 - 0x000000006d505000 	C:\Program Files\Java\jre6\bin\jpeg.dll
0x000000006d510000 - 0x000000006d53e000 	C:\Program Files\Java\jre6\bin\jsound.dll
0x000000006d540000 - 0x000000006d54a000 	C:\Program Files\Java\jre6\bin\jsoundds.dll
0x000007fef17f0000 - 0x000007fef1878000 	C:\Windows\system32\DSOUND.dll
0x000007fefbd90000 - 0x000007fefbdbc000 	C:\Windows\system32\POWRPROF.dll
0x000007fefbed0000 - 0x000007fefbf1b000 	C:\Windows\system32\MMDevAPI.DLL
0x000007fef4de0000 - 0x000007fef4e1b000 	C:\Windows\system32\wdmaud.drv
0x0000000074ea0000 - 0x0000000074ea6000 	C:\Windows\system32\ksuser.dll
0x000007fefbd80000 - 0x000007fefbd89000 	C:\Windows\system32\AVRT.dll
0x000007fefb250000 - 0x000007fefb29f000 	C:\Windows\system32\AUDIOSES.DLL
0x000007fefbac0000 - 0x000007fefbaca000 	C:\Windows\system32\msacm32.drv
0x000007fefb3e0000 - 0x000007fefb3f8000 	C:\Windows\system32\MSACM32.dll
0x000007fefb6c0000 - 0x000007fefb6c9000 	C:\Windows\system32\midimap.dll
0x000007fefda20000 - 0x000007fefda34000 	C:\Windows\system32\RpcRtRemote.dll

VM Arguments:
jvm_args: -Dfile.encoding=Cp1252 
java_command: games.strategy.engine.framework.GameRunner2
Launcher Type: SUN_STANDARD

Environment Variables:
JAVA_HOME=C:\Program Files\Java\jdk1.6.0_37
CLASSPATH=.;C:\Program Files (x86)\Java\jre6\lib\ext\QTJava.zip
PATH=C:\Program Files (x86)\NVIDIA Corporation\PhysX\Common;C:\Program Files (x86)\RSA SecurID Token Common;C:\Users\AMENTRA-R84A27L\OracleClient;C:\Program Files\Common Files\Microsoft Shared\Windows Live;C:\Program Files (x86)\Common Files\Microsoft Shared\Windows Live;C:\Windows\system32;C:\Windows;C:\Windows\System32\Wbem;C:\Windows\System32\WindowsPowerShell\v1.0\;C:\Program Files\ThinkPad\Bluetooth Software\;C:\Program Files\ThinkPad\Bluetooth Software\syswow64;C:\Program Files\Intel\WiFi\bin\;C:\Program Files\Common Files\Intel\WirelessCommon\;C:\Program Files (x86)\Common Files\Lenovo;C:\Program Files (x86)\Common Files\Ulead Systems\MPEG;C:\Program Files (x86)\Lenovo\Access Connections\;c:\Program Files (x86)\Microsoft SQL Server\90\Tools\binn\;C:\Users\AMENTRA-R84A27L\apache-ant-1.8.1\bin;C:\Program Files (x86)\MySQL\MySQL Server 5.1\bin;C:\Program Files (x86)\Windows Live\Shared;C:\Program Files (x86)\QuickTime\QTSystem\;C:\Users\AMENTRA-R84A27L\MySQL\bin;C:\Program Files\TortoiseSVN\bin;C:\Program Files (x86)\Seapine\Surround SCM
USERNAME=Ron
OS=Windows_NT
PROCESSOR_IDENTIFIER=Intel64 Family 6 Model 37 Stepping 2, GenuineIntel



---------------  S Y S T E M  ---------------

OS: Windows 7 , 64 bit Build 7601 Service Pack 1

CPU:total 4 (2 cores per cpu, 2 threads per core) family 6 model 37 stepping 2, cmov, cx8, fxsr, mmx, sse, sse2, sse3, ssse3, sse4.1, sse4.2, popcnt, ht

Memory: 4k page, physical 8179376k(3511836k free), swap 16356888k(7886332k free)

vm_info: Java HotSpot(TM) 64-Bit Server VM (20.12-b01) for windows-amd64 JRE (1.6.0_37-b06), built on Sep 24 2012 11:45:14 by "java_re" with MS VC++ 8.0 (VS2005)

time: Wed Oct 30 21:48:12 2013
elapsed time: 19 seconds

