#
# A fatal error has been detected by the Java Runtime Environment:
#
#  EXCEPTION_ACCESS_VIOLATION (0xc0000005) at pc=0x000007fefd720c7b, pid=3948, tid=3052
#
# JRE version: 6.0_37-b06
# Java VM: Java HotSpot(TM) 64-Bit Server VM (20.12-b01 mixed mode windows-amd64 compressed oops)
# Problematic frame:
# C  [ole32.dll+0x10c7b]
#
# If you would like to submit a bug report, please visit:
#   http://java.sun.com/webapps/bugreport/crash.jsp
# The crash happened outside the Java Virtual Machine in native code.
# See problematic frame for where to report the bug.
#

---------------  T H R E A D  ---------------

Current thread (0x000000000691d800):  JavaThread "AWT-EventQueue-0" [_thread_in_native, id=3052, stack(0x0000000007ae0000,0x0000000007be0000)]

siginfo: ExceptionCode=0xc0000005, writing address 0x0000000000000030

Registers:
RAX=0x0000000000000000, RBX=0x0000000000287790, RCX=0x0000000000000bec, RDX=0x000007fefd8b6620
RSP=0x0000000007bdde00, RBP=0x00000000002a8550, RSI=0x0000000000000000, RDI=0x0000000000287790
R8 =0x00000000000003d4, R9 =0x000007fefd897f18, R10=0x0000000000000000, R11=0x0000000007bddd20
R12=0x0000000000000000, R13=0x00000000002aebd0, R14=0x0000000000000000, R15=0x0000000000000000
RIP=0x000007fefd720c7b, EFLAGS=0x0000000000010246

Top of Stack: (sp=0x0000000007bdde00)
0x0000000007bdde00:   0000000000287790 0000000000000000
0x0000000007bdde10:   0000000000000000 0000000000000080
0x0000000007bdde20:   0000004e00000000 0000000000300470
0x0000000007bdde30:   00000f6c0000f800 b54f5a73cc650186
0x0000000007bdde40:   0000e74d4b71778d 000000000691d801
0x0000000007bdde50:   0000000000000001 0000000007e94398
0x0000000007bdde60:   0000000000000000 00000000002a8550
0x0000000007bdde70:   000000000691d9d0 000007fefd721225
0x0000000007bdde80:   0000000000000000 00000000002a8550
0x0000000007bdde90:   0000000000000000 000000006d9ed339
0x0000000007bddea0:   000000000ad711c0 000007fefd883135
0x0000000007bddeb0:   00000000002a8550 0000000007fab658
0x0000000007bddec0:   0000000006844130 000007fefd0b9492
0x0000000007bdded0:   000000000ad711c0 000007fefd83de9d
0x0000000007bddee0:   00000000002a8550 0000000007e94398
0x0000000007bddef0:   0000000000000018 00000000000006c8 

Instructions: (pc=0x000007fefd720c7b)
0x000007fefd720c5b:   60 1c 00 41 b8 d4 03 00 00 e8 47 82 01 00 85 f6
0x000007fefd720c6b:   78 2b f3 0f 6f 44 24 30 48 8b 45 18 4c 89 6d 20
0x000007fefd720c7b:   f3 0f 7f 40 30 f6 45 0c 01 75 12 48 8b cd e8 be
0x000007fefd720c8b:   fa ff ff 8b f0 85 c0 78 04 83 4d 0c 01 48 8b cd 


Register to memory mapping:

RAX=0x0000000000000000 is an unknown value
RBX=0x0000000000287790 is an unknown value
RCX=0x0000000000000bec is an unknown value
RDX=0x000007fefd8b6620 is an unknown value
RSP=0x0000000007bdde00 is pointing into the stack for thread: 0x000000000691d800
RBP=0x00000000002a8550 is an unknown value
RSI=0x0000000000000000 is an unknown value
RDI=0x0000000000287790 is an unknown value
R8 =0x00000000000003d4 is an unknown value
R9 =0x000007fefd897f18 is an unknown value
R10=0x0000000000000000 is an unknown value
R11=0x0000000007bddd20 is pointing into the stack for thread: 0x000000000691d800
R12=0x0000000000000000 is an unknown value
R13=0x00000000002aebd0 is an unknown value
R14=0x0000000000000000 is an unknown value
R15=0x0000000000000000 is an unknown value


Stack: [0x0000000007ae0000,0x0000000007be0000],  sp=0x0000000007bdde00,  free space=1015k
Native frames: (J=compiled Java code, j=interpreted, Vv=VM code, C=native code)
C  [ole32.dll+0x10c7b]  CLSIDFromString+0x5fb

Java frames: (J=compiled Java code, j=interpreted, Vv=VM code)
j  sun.awt.windows.WComponentPeer.addNativeDropTarget()J+0
j  sun.awt.windows.WComponentPeer.addDropTarget(Ljava/awt/dnd/DropTarget;)V+9
j  java.awt.dnd.DropTarget.addNotify(Ljava/awt/peer/ComponentPeer;)V+60
j  java.awt.Component.addNotify()V+297
j  java.awt.Container.addNotify()V+8
j  javax.swing.JComponent.addNotify()V+1
j  java.awt.Container.addNotify()V+61
j  javax.swing.JComponent.addNotify()V+1
j  java.awt.Container.addNotify()V+61
j  javax.swing.JComponent.addNotify()V+1
j  javax.swing.JMenuBar.addNotify()V+1
j  java.awt.Container.addNotify()V+61
j  javax.swing.JComponent.addNotify()V+1
j  java.awt.Container.addNotify()V+61
j  javax.swing.JComponent.addNotify()V+1
j  javax.swing.JRootPane.addNotify()V+1
j  java.awt.Container.addNotify()V+61
j  java.awt.Window.addNotify()V+73
j  java.awt.Frame.addNotify()V+70
j  java.awt.Window.show()V+8
j  games.strategy.triplea.ui.TripleAFrame.show()V+1
j  java.awt.Component.show(Z)V+5
j  java.awt.Component.setVisible(Z)V+2
j  java.awt.Window.setVisible(Z)V+2
j  games.strategy.triplea.TripleA$3.run()V+106
j  java.awt.event.InvocationEvent.dispatch()V+11
j  java.awt.EventQueue.dispatchEventImpl(Ljava/awt/AWTEvent;Ljava/lang/Object;)V+21
j  java.awt.EventQueue.access$400(Ljava/awt/EventQueue;Ljava/awt/AWTEvent;Ljava/lang/Object;)V+3
j  java.awt.EventQueue$2.run()Ljava/lang/Void;+12
j  java.awt.EventQueue$2.run()Ljava/lang/Object;+1
v  ~StubRoutines::call_stub
j  java.security.AccessController.doPrivileged(Ljava/security/PrivilegedAction;Ljava/security/AccessControlContext;)Ljava/lang/Object;+0
j  java.security.AccessControlContext$1.doIntersectionPrivilege(Ljava/security/PrivilegedAction;Ljava/security/AccessControlContext;Ljava/security/AccessControlContext;)Ljava/lang/Object;+28
j  java.awt.EventQueue.dispatchEvent(Ljava/awt/AWTEvent;)V+46
j  java.awt.EventDispatchThread.pumpOneEventForFilters(I)Z+204
j  java.awt.EventDispatchThread.pumpEventsForFilter(ILjava/awt/Conditional;Ljava/awt/EventFilter;)V+30
j  java.awt.EventDispatchThread.pumpEventsForHierarchy(ILjava/awt/Conditional;Ljava/awt/Component;)V+11
j  java.awt.EventDispatchThread.pumpEvents(ILjava/awt/Conditional;)V+4
j  java.awt.EventDispatchThread.pumpEvents(Ljava/awt/Conditional;)V+3
j  java.awt.EventDispatchThread.run()V+9
v  ~StubRoutines::call_stub

---------------  P R O C E S S  ---------------

Java Threads: ( => current thread )
  0x000000000a7b3000 JavaThread "Map panel background drawer" daemon [_thread_blocked, id=4352, stack(0x000000000e040000,0x000000000e140000)]
  0x000000000a7b2000 JavaThread "Java Sound Event Dispatcher" daemon [_thread_blocked, id=7384, stack(0x000000000de40000,0x000000000df40000)]
  0x000000000a7b1800 JavaThread "Triplea sound loader" [_thread_in_native, id=6588, stack(0x000000000b340000,0x000000000b440000)]
  0x000000000a7b1000 JavaThread "Triplea start thread" [_thread_blocked, id=10028, stack(0x000000000a270000,0x000000000a370000)]
  0x000000000a7b0000 JavaThread "Timer-1" [_thread_blocked, id=9568, stack(0x0000000009490000,0x0000000009590000)]
  0x0000000007d81800 JavaThread "Laf-Widget fade tracker" daemon [_thread_blocked, id=7932, stack(0x0000000009390000,0x0000000009490000)]
  0x00000000005dc000 JavaThread "DestroyJavaVM" [_thread_blocked, id=9960, stack(0x00000000022a0000,0x00000000023a0000)]
  0x0000000007d2f000 JavaThread "TimerQueue" daemon [_thread_blocked, id=8440, stack(0x0000000009190000,0x0000000009290000)]
  0x0000000007c6d800 JavaThread "Console std out reader" daemon [_thread_blocked, id=2452, stack(0x0000000008e90000,0x0000000008f90000)]
  0x0000000007c66800 JavaThread "Console std err reader" daemon [_thread_blocked, id=9888, stack(0x0000000008cd0000,0x0000000008dd0000)]
=>0x000000000691d800 JavaThread "AWT-EventQueue-0" [_thread_in_native, id=3052, stack(0x0000000007ae0000,0x0000000007be0000)]
  0x0000000006910000 JavaThread "AWT-Windows" daemon [_thread_in_native, id=8660, stack(0x0000000007460000,0x0000000007560000)]
  0x000000000685d800 JavaThread "AWT-Shutdown" [_thread_blocked, id=4588, stack(0x0000000007360000,0x0000000007460000)]
  0x000000000685c000 JavaThread "Java2D Disposer" daemon [_thread_blocked, id=9572, stack(0x00000000071e0000,0x00000000072e0000)]
  0x0000000006831800 JavaThread "Low Memory Detector" daemon [_thread_blocked, id=6128, stack(0x0000000006dd0000,0x0000000006ed0000)]
  0x000000000682f000 JavaThread "C2 CompilerThread1" daemon [_thread_blocked, id=4796, stack(0x0000000006cd0000,0x0000000006dd0000)]
  0x000000000682d000 JavaThread "C2 CompilerThread0" daemon [_thread_blocked, id=5616, stack(0x0000000006bd0000,0x0000000006cd0000)]
  0x0000000006826800 JavaThread "Attach Listener" daemon [_thread_blocked, id=9204, stack(0x0000000006ad0000,0x0000000006bd0000)]
  0x0000000006821800 JavaThread "Signal Dispatcher" daemon [_thread_blocked, id=8844, stack(0x00000000069d0000,0x0000000006ad0000)]
  0x00000000003fc800 JavaThread "Finalizer" daemon [_thread_blocked, id=9460, stack(0x00000000066d0000,0x00000000067d0000)]
  0x00000000003f5800 JavaThread "Reference Handler" daemon [_thread_blocked, id=7524, stack(0x00000000065d0000,0x00000000066d0000)]

Other Threads:
  0x00000000003ed000 VMThread [stack: 0x00000000064d0000,0x00000000065d0000] [id=1876]
  0x0000000006843800 WatcherThread [stack: 0x0000000006ed0000,0x0000000006fd0000] [id=4944]

VM state:not at safepoint (normal execution)

VM Mutex/Monitor currently owned by a thread: None

Heap
 PSYoungGen      total 32576K, used 32537K [0x00000007d6600000, 0x00000007da920000, 0x0000000800000000)
  eden space 31168K, 99% used [0x00000007d6600000,0x00000007d8467e88,0x00000007d8470000)
  from space 1408K, 99% used [0x00000007d9f40000,0x00000007da09e7b0,0x00000007da0a0000)
  to   space 8704K, 0% used [0x00000007da0a0000,0x00000007da0a0000,0x00000007da920000)
 PSOldGen        total 85248K, used 10020K [0x0000000783200000, 0x0000000788540000, 0x00000007d6600000)
  object space 85248K, 11% used [0x0000000783200000,0x0000000783bc93e8,0x0000000788540000)
 PSPermGen       total 31616K, used 31595K [0x000000077e000000, 0x000000077fee0000, 0x0000000783200000)
  object space 31616K, 99% used [0x000000077e000000,0x000000077fedacc8,0x000000077fee0000)

Code Cache  [0x00000000023d0000, 0x0000000002640000, 0x00000000053d0000)
 total_blobs=1078 nmethods=517 adapters=514 free_code_cache=48158720 largest_free_block=21376

Dynamic libraries:
0x0000000000400000 - 0x000000000042f000 	C:\Program Files\Java\jre6\bin\javaw.exe
0x00000000770f0000 - 0x0000000077299000 	C:\Windows\SYSTEM32\ntdll.dll
0x0000000076fd0000 - 0x00000000770ef000 	C:\Windows\system32\kernel32.dll
0x000007fefd0b0000 - 0x000007fefd11b000 	C:\Windows\system32\KERNELBASE.dll
0x000007feff320000 - 0x000007feff3fb000 	C:\Windows\system32\ADVAPI32.dll
0x000007fefee20000 - 0x000007fefeebf000 	C:\Windows\system32\msvcrt.dll
0x000007fefd920000 - 0x000007fefd93f000 	C:\Windows\SYSTEM32\sechost.dll
0x000007feff170000 - 0x000007feff29d000 	C:\Windows\system32\RPCRT4.dll
0x0000000076ed0000 - 0x0000000076fca000 	C:\Windows\system32\USER32.dll
0x000007fefdef0000 - 0x000007fefdf57000 	C:\Windows\system32\GDI32.dll
0x000007fefda20000 - 0x000007fefda2e000 	C:\Windows\system32\LPK.dll
0x000007feff0a0000 - 0x000007feff169000 	C:\Windows\system32\USP10.dll
0x000007fefef10000 - 0x000007fefef3e000 	C:\Windows\system32\IMM32.DLL
0x000007fefdf80000 - 0x000007fefe089000 	C:\Windows\system32\MSCTF.dll
0x000000006d800000 - 0x000000006dfbb000 	C:\Program Files\Java\jre6\bin\server\jvm.dll
0x000007fefad50000 - 0x000007fefad8b000 	C:\Windows\system32\WINMM.dll
0x000000006d770000 - 0x000000006d77e000 	C:\Program Files\Java\jre6\bin\verify.dll
0x000000006d3b0000 - 0x000000006d3d7000 	C:\Program Files\Java\jre6\bin\java.dll
0x000000006d7c0000 - 0x000000006d7d2000 	C:\Program Files\Java\jre6\bin\zip.dll
0x000000006d000000 - 0x000000006d1c4000 	C:\Program Files\Java\jre6\bin\awt.dll
0x000007fefa990000 - 0x000007fefaa01000 	C:\Windows\system32\WINSPOOL.DRV
0x000007fefd710000 - 0x000007fefd913000 	C:\Windows\system32\ole32.dll
0x000007fefe090000 - 0x000007fefee18000 	C:\Windows\system32\SHELL32.dll
0x000007fefd300000 - 0x000007fefd371000 	C:\Windows\system32\SHLWAPI.dll
0x000007fefb6e0000 - 0x000007fefb8d4000 	C:\Windows\WinSxS\amd64_microsoft.windows.common-controls_6595b64144ccf1df_6.0.7601.17514_none_fa396087175ac9ac\COMCTL32.dll
0x000000006d550000 - 0x000000006d55a000 	C:\Program Files\Java\jre6\bin\management.dll
0x000007fefb100000 - 0x000007fefb118000 	C:\Windows\system32\DWMAPI.DLL
0x000007fefb4e0000 - 0x000007fefb536000 	C:\Windows\system32\uxtheme.dll
0x000000006d2a0000 - 0x000000006d307000 	C:\Program Files\Java\jre6\bin\fontmanager.dll
0x000007fefce00000 - 0x000007fefce0f000 	C:\Windows\system32\CRYPTBASE.dll
0x0000000010000000 - 0x0000000010065000 	C:\Program Files\ThinkPad\Bluetooth Software\btmmhook.dll
0x000007fefd940000 - 0x000007fefda17000 	C:\Windows\system32\OLEAUT32.dll
0x00000000772b0000 - 0x00000000772b7000 	C:\Windows\system32\PSAPI.DLL
0x000000006d610000 - 0x000000006d627000 	C:\Program Files\Java\jre6\bin\net.dll
0x000007fefeec0000 - 0x000007fefef0d000 	C:\Windows\system32\WS2_32.dll
0x000007fefde40000 - 0x000007fefde48000 	C:\Windows\system32\NSI.dll
0x000007fefc7e0000 - 0x000007fefc835000 	C:\Windows\system32\mswsock.dll
0x000007fefcae0000 - 0x000007fefcae7000 	C:\Windows\System32\wship6.dll
0x000000006d630000 - 0x000000006d63b000 	C:\Program Files\Java\jre6\bin\nio.dll
0x000000006d210000 - 0x000000006d238000 	C:\Program Files\Java\jre6\bin\dcpr.dll
0x000000006d560000 - 0x000000006d60f000 	C:\Program Files\Java\jre6\bin\mlib_image.dll
0x000007fefc840000 - 0x000007fefc857000 	C:\Windows\system32\CRYPTSP.dll
0x000007fefc420000 - 0x000007fefc467000 	C:\Windows\system32\rsaenh.dll
0x000007fefc1c0000 - 0x000007fefc1de000 	C:\Windows\system32\USERENV.dll
0x000007fefced0000 - 0x000007fefcedf000 	C:\Windows\system32\profapi.dll
0x000007fefacf0000 - 0x000007fefad05000 	C:\Windows\system32\NLAapi.dll
0x000007fef34f0000 - 0x000007fef3505000 	C:\Windows\system32\napinsp.dll
0x000007fef34d0000 - 0x000007fef34e9000 	C:\Windows\system32\pnrpnsp.dll
0x000007fef34c0000 - 0x000007fef34d0000 	C:\Windows\system32\wshbth.dll
0x000007fef3f20000 - 0x000007fef3f4e000 	C:\Program Files\Common Files\Microsoft Shared\Windows Live\WLIDNSP.DLL
0x000007fefc510000 - 0x000007fefc56b000 	C:\Windows\system32\DNSAPI.dll
0x000007fef34b0000 - 0x000007fef34bb000 	C:\Windows\System32\winrnr.dll
0x000007fefc0b0000 - 0x000007fefc0b7000 	C:\Windows\System32\wshtcpip.dll
0x000007fef9900000 - 0x000007fef9927000 	C:\Windows\system32\IPHLPAPI.DLL
0x000007fef98e0000 - 0x000007fef98eb000 	C:\Windows\system32\WINNSI.DLL
0x000007fef3e20000 - 0x000007fef3e28000 	C:\Windows\system32\rasadhlp.dll
0x000007fef96e0000 - 0x000007fef9733000 	C:\Windows\System32\fwpuclnt.dll
0x000000006d4d0000 - 0x000000006d505000 	C:\Program Files\Java\jre6\bin\jpeg.dll
0x000000006d510000 - 0x000000006d53e000 	C:\Program Files\Java\jre6\bin\jsound.dll
0x000000006d540000 - 0x000000006d54a000 	C:\Program Files\Java\jre6\bin\jsoundds.dll
0x000007fef3290000 - 0x000007fef3318000 	C:\Windows\system32\DSOUND.dll
0x000007fefbb80000 - 0x000007fefbbac000 	C:\Windows\system32\POWRPROF.dll
0x000007fefda30000 - 0x000007fefdc07000 	C:\Windows\system32\SETUPAPI.dll
0x000007fefcf80000 - 0x000007fefcfb6000 	C:\Windows\system32\CFGMGR32.dll
0x000007fefd090000 - 0x000007fefd0aa000 	C:\Windows\system32\DEVOBJ.dll
0x000007fefba20000 - 0x000007fefba6b000 	C:\Windows\system32\MMDevAPI.DLL
0x000007fefb8f0000 - 0x000007fefba1c000 	C:\Windows\system32\PROPSYS.dll
0x000007fef9d20000 - 0x000007fef9d5b000 	C:\Windows\system32\wdmaud.drv
0x0000000074d00000 - 0x0000000074d06000 	C:\Windows\system32\ksuser.dll
0x000007fefb8e0000 - 0x000007fefb8e9000 	C:\Windows\system32\AVRT.dll
0x000007fefa880000 - 0x000007fefa8cf000 	C:\Windows\system32\AUDIOSES.DLL
0x000007fefaf10000 - 0x000007fefaf1a000 	C:\Windows\system32\msacm32.drv
0x000007fef9fb0000 - 0x000007fef9fc8000 	C:\Windows\system32\MSACM32.dll
0x000007fefa5a0000 - 0x000007fefa5a9000 	C:\Windows\system32\midimap.dll
0x000007fefde50000 - 0x000007fefdee9000 	C:\Windows\system32\CLBCatQ.DLL
0x000007fefceb0000 - 0x000007fefcec4000 	C:\Windows\system32\RpcRtRemote.dll

VM Arguments:
jvm_args: -Dfile.encoding=Cp1252 
java_command: games.strategy.engine.framework.GameRunner2
Launcher Type: SUN_STANDARD

Environment Variables:
JAVA_HOME=C:\Program Files\Java\jdk1.6.0_37
CLASSPATH=.;C:\Program Files (x86)\Java\jre6\lib\ext\QTJava.zip
PATH=C:\Program Files (x86)\NVIDIA Corporation\PhysX\Common;C:\Program Files (x86)\RSA SecurID Token Common;C:\Users\AMENTRA-R84A27L\OracleClient;C:\Program Files\Common Files\Microsoft Shared\Windows Live;C:\Program Files (x86)\Common Files\Microsoft Shared\Windows Live;C:\Windows\system32;C:\Windows;C:\Windows\System32\Wbem;C:\Windows\System32\WindowsPowerShell\v1.0\;C:\Program Files\ThinkPad\Bluetooth Software\;C:\Program Files\ThinkPad\Bluetooth Software\syswow64;C:\Program Files\Intel\WiFi\bin\;C:\Program Files\Common Files\Intel\WirelessCommon\;C:\Program Files (x86)\Common Files\Lenovo;C:\Program Files (x86)\Common Files\Ulead Systems\MPEG;C:\Program Files (x86)\Lenovo\Access Connections\;c:\Program Files (x86)\Microsoft SQL Server\90\Tools\binn\;C:\Users\AMENTRA-R84A27L\apache-ant-1.8.1\bin;C:\Program Files (x86)\MySQL\MySQL Server 5.1\bin;C:\Program Files (x86)\Windows Live\Shared;C:\Program Files (x86)\QuickTime\QTSystem\;C:\Users\AMENTRA-R84A27L\MySQL\bin;C:\Program Files\TortoiseSVN\bin;C:\Program Files (x86)\Seapine\Surround SCM
USERNAME=Ron
OS=Windows_NT
PROCESSOR_IDENTIFIER=Intel64 Family 6 Model 37 Stepping 2, GenuineIntel



---------------  S Y S T E M  ---------------

OS: Windows 7 , 64 bit Build 7601 Service Pack 1

CPU:total 4 (2 cores per cpu, 2 threads per core) family 6 model 37 stepping 2, cmov, cx8, fxsr, mmx, sse, sse2, sse3, ssse3, sse4.1, sse4.2, popcnt, ht

Memory: 4k page, physical 8179376k(3720172k free), swap 16356888k(7942020k free)

vm_info: Java HotSpot(TM) 64-Bit Server VM (20.12-b01) for windows-amd64 JRE (1.6.0_37-b06), built on Sep 24 2012 11:45:14 by "java_re" with MS VC++ 8.0 (VS2005)

time: Wed Nov 20 21:57:27 2013
elapsed time: 33 seconds

