#
# A fatal error has been detected by the Java Runtime Environment:
#
#  EXCEPTION_ACCESS_VIOLATION (0xc0000005) at pc=0x000007fefdb50b6d, pid=9284, tid=6500
#
# JRE version: 6.0_37-b06
# Java VM: Java HotSpot(TM) 64-Bit Server VM (20.12-b01 mixed mode windows-amd64 compressed oops)
# Problematic frame:
# C  [ole32.dll+0x10b6d]
#
# If you would like to submit a bug report, please visit:
#   http://java.sun.com/webapps/bugreport/crash.jsp
# The crash happened outside the Java Virtual Machine in native code.
# See problematic frame for where to report the bug.
#

---------------  T H R E A D  ---------------

Current thread (0x0000000007b38800):  JavaThread "AWT-EventQueue-0" [_thread_in_native, id=6500, stack(0x0000000007f30000,0x0000000008030000)]

siginfo: ExceptionCode=0xc0000005, reading address 0x0000000000000098

Registers:
RAX=0x0000000000000000, RBX=0x00000000003265d0, RCX=0x00000000003265d0, RDX=0x0000000000336510
RSP=0x000000000802de00, RBP=0x0000000000344ca0, RSI=0x0000000000000000, RDI=0x00000000003265d0
R8 =0x000004a10066001e, R9 =0x000004a20039001f, R10=0x00000000c0000034, R11=0x0000000000000000
R12=0x0000000000000000, R13=0x000000000a7e8fc8, R14=0x0000000000000000, R15=0x0000000000000000
RIP=0x000007fefdb50b6d, EFLAGS=0x0000000000010246

Top of Stack: (sp=0x000000000802de00)
0x000000000802de00:   00000000003265d0 0000000000344ca0
0x000000000802de10:   0000000000000000 0000000000000080
0x000000000802de20:   0000000a00650011 000000000043c4d0
0x000000000802de30:   000000000802df70 000000077fb83ed8
0x000000000802de40:   0000382c1a75705a 0000000007b38800
0x000000000802de50:   0000000000000001 000000000a7e8fc8
0x000000000802de60:   0000000000000000 0000000000344ca0
0x000000000802de70:   0000000007b389d0 000007fefdb51225
0x000000000802de80:   000000000802df00 0000000000344ca0
0x000000000802de90:   0000000000000000 000000006d9ed339
0x000000000802dea0:   000000000a741be0 000007fefdcb3135
0x000000000802deb0:   0000000000344ca0 0000000009143e20
0x000000000802dec0:   00000000067f0020 000007fefd399492
0x000000000802ded0:   000000000a741be0 000007fefdc6de9d
0x000000000802dee0:   0000000000344ca0 000000000a7e8fc8
0x000000000802def0:   0000000000000018 0000000000000750 

Instructions: (pc=0x000007fefdb50b6d)
0x000007fefdb50b4d:   00 4c 8b 77 60 0f 84 91 25 04 00 e8 c3 b7 00 00
0x000007fefdb50b5d:   85 c0 0f 84 c1 cd ff ff 48 8b 47 70 48 89 47 60
0x000007fefdb50b6d:   48 8b 80 98 00 00 00 4c 8d 0d 9d 73 17 00 48 8d
0x000007fefdb50b7d:   15 9e 5a 19 00 48 8d 0d 37 61 1c 00 41 b8 b0 03 


Register to memory mapping:

RAX=0x0000000000000000 is an unknown value
RBX=0x00000000003265d0 is an unknown value
RCX=0x00000000003265d0 is an unknown value
RDX=0x0000000000336510 is an unknown value
RSP=0x000000000802de00 is pointing into the stack for thread: 0x0000000007b38800
RBP=0x0000000000344ca0 is an unknown value
RSI=0x0000000000000000 is an unknown value
RDI=0x00000000003265d0 is an unknown value
R8 =0x000004a10066001e is an unknown value
R9 =0x000004a20039001f is an unknown value
R10=0x00000000c0000034 is an unknown value
R11=0x0000000000000000 is an unknown value
R12=0x0000000000000000 is an unknown value
R13=0x000000000a7e8fc8 is an unknown value
R14=0x0000000000000000 is an unknown value
R15=0x0000000000000000 is an unknown value


Stack: [0x0000000007f30000,0x0000000008030000],  sp=0x000000000802de00,  free space=1015k
Native frames: (J=compiled Java code, j=interpreted, Vv=VM code, C=native code)
C  [ole32.dll+0x10b6d]  CLSIDFromString+0x4ed

Java frames: (J=compiled Java code, j=interpreted, Vv=VM code)
j  sun.awt.windows.WComponentPeer.addNativeDropTarget()J+0
j  sun.awt.windows.WComponentPeer.addDropTarget(Ljava/awt/dnd/DropTarget;)V+9
j  java.awt.dnd.DropTarget.addNotify(Ljava/awt/peer/ComponentPeer;)V+60
j  java.awt.Component.addNotify()V+297
j  java.awt.Container.addNotify()V+8
j  javax.swing.JComponent.addNotify()V+1
j  java.awt.Container.addNotify()V+61
j  javax.swing.JComponent.addNotify()V+1
j  java.awt.Container.addNotify()V+61
j  javax.swing.JComponent.addNotify()V+1
j  javax.swing.JMenuBar.addNotify()V+1
j  java.awt.Container.addNotify()V+61
j  javax.swing.JComponent.addNotify()V+1
j  java.awt.Container.addNotify()V+61
j  javax.swing.JComponent.addNotify()V+1
j  javax.swing.JRootPane.addNotify()V+1
j  java.awt.Container.addNotify()V+61
j  java.awt.Window.addNotify()V+73
j  java.awt.Frame.addNotify()V+70
j  java.awt.Window.show()V+8
j  games.strategy.triplea.ui.TripleAFrame.show()V+1
j  java.awt.Component.show(Z)V+5
j  java.awt.Component.setVisible(Z)V+2
j  java.awt.Window.setVisible(Z)V+2
j  games.strategy.triplea.TripleA$3.run()V+106
j  java.awt.event.InvocationEvent.dispatch()V+11
j  java.awt.EventQueue.dispatchEventImpl(Ljava/awt/AWTEvent;Ljava/lang/Object;)V+21
j  java.awt.EventQueue.access$400(Ljava/awt/EventQueue;Ljava/awt/AWTEvent;Ljava/lang/Object;)V+3
j  java.awt.EventQueue$2.run()Ljava/lang/Void;+12
j  java.awt.EventQueue$2.run()Ljava/lang/Object;+1
v  ~StubRoutines::call_stub
j  java.security.AccessController.doPrivileged(Ljava/security/PrivilegedAction;Ljava/security/AccessControlContext;)Ljava/lang/Object;+0
j  java.security.AccessControlContext$1.doIntersectionPrivilege(Ljava/security/PrivilegedAction;Ljava/security/AccessControlContext;Ljava/security/AccessControlContext;)Ljava/lang/Object;+28
j  java.awt.EventQueue.dispatchEvent(Ljava/awt/AWTEvent;)V+46
j  java.awt.EventDispatchThread.pumpOneEventForFilters(I)Z+204
j  java.awt.EventDispatchThread.pumpEventsForFilter(ILjava/awt/Conditional;Ljava/awt/EventFilter;)V+30
j  java.awt.EventDispatchThread.pumpEventsForHierarchy(ILjava/awt/Conditional;Ljava/awt/Component;)V+11
j  java.awt.EventDispatchThread.pumpEvents(ILjava/awt/Conditional;)V+4
j  java.awt.EventDispatchThread.pumpEvents(Ljava/awt/Conditional;)V+3
j  java.awt.EventDispatchThread.run()V+9
v  ~StubRoutines::call_stub

---------------  P R O C E S S  ---------------

Java Threads: ( => current thread )
  0x0000000007b77800 JavaThread "Map panel background drawer" daemon [_thread_blocked, id=3688, stack(0x000000000e2d0000,0x000000000e3d0000)]
  0x0000000007b77000 JavaThread "Java Sound Event Dispatcher" daemon [_thread_blocked, id=7292, stack(0x000000000ddd0000,0x000000000ded0000)]
  0x0000000007b76000 JavaThread "Triplea sound loader" [_thread_in_native, id=9388, stack(0x000000000a110000,0x000000000a210000)]
  0x0000000007b75800 JavaThread "Triplea start thread" [_thread_blocked, id=3480, stack(0x0000000009c60000,0x0000000009d60000)]
  0x0000000007b74000 JavaThread "Timer-1" [_thread_blocked, id=4632, stack(0x0000000009b60000,0x0000000009c60000)]
  0x0000000007b74800 JavaThread "TimerQueue" daemon [_thread_blocked, id=9732, stack(0x0000000009760000,0x0000000009860000)]
  0x000000000061c800 JavaThread "DestroyJavaVM" [_thread_blocked, id=7604, stack(0x0000000002460000,0x0000000002560000)]
  0x0000000007ee3800 JavaThread "Trident pulse source thread" daemon [_thread_blocked, id=5116, stack(0x0000000009a60000,0x0000000009b60000)]
  0x0000000007ee2800 JavaThread "Trident callback thread" daemon [_thread_blocked, id=6160, stack(0x0000000009960000,0x0000000009a60000)]
  0x0000000007b63800 JavaThread "Console std out reader" daemon [_thread_blocked, id=3444, stack(0x0000000008da0000,0x0000000008ea0000)]
  0x0000000007b61000 JavaThread "Console std err reader" daemon [_thread_blocked, id=8800, stack(0x0000000008be0000,0x0000000008ce0000)]
=>0x0000000007b38800 JavaThread "AWT-EventQueue-0" [_thread_in_native, id=6500, stack(0x0000000007f30000,0x0000000008030000)]
  0x00000000068ae000 JavaThread "AWT-Windows" daemon [_thread_in_native, id=5856, stack(0x00000000074b0000,0x00000000075b0000)]
  0x00000000068ad000 JavaThread "AWT-Shutdown" [_thread_blocked, id=5704, stack(0x00000000073b0000,0x00000000074b0000)]
  0x00000000068aa000 JavaThread "Java2D Disposer" daemon [_thread_blocked, id=6860, stack(0x00000000072b0000,0x00000000073b0000)]
  0x00000000067d6000 JavaThread "Low Memory Detector" daemon [_thread_blocked, id=6376, stack(0x0000000006e70000,0x0000000006f70000)]
  0x00000000067d3800 JavaThread "C2 CompilerThread1" daemon [_thread_blocked, id=9768, stack(0x0000000006d70000,0x0000000006e70000)]
  0x00000000067d1800 JavaThread "C2 CompilerThread0" daemon [_thread_blocked, id=5324, stack(0x0000000006c70000,0x0000000006d70000)]
  0x00000000067cb800 JavaThread "Attach Listener" daemon [_thread_blocked, id=8840, stack(0x0000000006b70000,0x0000000006c70000)]
  0x00000000067c6800 JavaThread "Signal Dispatcher" daemon [_thread_blocked, id=6192, stack(0x0000000006a70000,0x0000000006b70000)]
  0x0000000006775800 JavaThread "Finalizer" daemon [_thread_blocked, id=9660, stack(0x0000000006970000,0x0000000006a70000)]
  0x000000000052b000 JavaThread "Reference Handler" daemon [_thread_blocked, id=8952, stack(0x0000000006670000,0x0000000006770000)]

Other Threads:
  0x0000000000522000 VMThread [stack: 0x0000000006570000,0x0000000006670000] [id=8516]
  0x00000000067ef800 WatcherThread [stack: 0x0000000006f70000,0x0000000007070000] [id=4352]

VM state:not at safepoint (normal execution)

VM Mutex/Monitor currently owned by a thread: None

Heap
 PSYoungGen      total 42304K, used 22413K [0x00000007d6600000, 0x00000007db6a0000, 0x0000000800000000)
  eden space 31680K, 52% used [0x00000007d6600000,0x00000007d764edb0,0x00000007d84f0000)
  from space 10624K, 53% used [0x00000007d8ed0000,0x00000007d94647e8,0x00000007d9930000)
  to   space 10112K, 0% used [0x00000007d84f0000,0x00000007d84f0000,0x00000007d8ed0000)
 PSOldGen        total 85248K, used 7693K [0x0000000783200000, 0x0000000788540000, 0x00000007d6600000)
  object space 85248K, 9% used [0x0000000783200000,0x0000000783983768,0x0000000788540000)
 PSPermGen       total 32192K, used 32003K [0x000000077e000000, 0x000000077ff70000, 0x0000000783200000)
  object space 32192K, 99% used [0x000000077e000000,0x000000077ff40c48,0x000000077ff70000)

Code Cache  [0x0000000002560000, 0x00000000027d0000, 0x0000000005560000)
 total_blobs=1056 nmethods=511 adapters=498 free_code_cache=48238848 largest_free_block=6976

Dynamic libraries:
0x0000000000400000 - 0x000000000042f000 	C:\Program Files\Java\jre6\bin\javaw.exe
0x0000000077290000 - 0x0000000077439000 	C:\Windows\SYSTEM32\ntdll.dll
0x0000000077170000 - 0x000000007728f000 	C:\Windows\system32\kernel32.dll
0x000007fefd390000 - 0x000007fefd3fb000 	C:\Windows\system32\KERNELBASE.dll
0x000007fefef00000 - 0x000007fefefdb000 	C:\Windows\system32\ADVAPI32.dll
0x000007fefeb60000 - 0x000007fefebff000 	C:\Windows\system32\msvcrt.dll
0x000007feff290000 - 0x000007feff2af000 	C:\Windows\SYSTEM32\sechost.dll
0x000007fefda00000 - 0x000007fefdb2d000 	C:\Windows\system32\RPCRT4.dll
0x0000000077070000 - 0x000000007716a000 	C:\Windows\system32\USER32.dll
0x000007fefee90000 - 0x000007fefeef7000 	C:\Windows\system32\GDI32.dll
0x000007fefede0000 - 0x000007fefedee000 	C:\Windows\system32\LPK.dll
0x000007fefed10000 - 0x000007fefedd9000 	C:\Windows\system32\USP10.dll
0x000007fefd6d0000 - 0x000007fefd6fe000 	C:\Windows\system32\IMM32.DLL
0x000007fefec00000 - 0x000007fefed09000 	C:\Windows\system32\MSCTF.dll
0x000000006d800000 - 0x000000006dfbb000 	C:\Program Files\Java\jre6\bin\server\jvm.dll
0x000007fefadc0000 - 0x000007fefadfb000 	C:\Windows\system32\WINMM.dll
0x000000006d770000 - 0x000000006d77e000 	C:\Program Files\Java\jre6\bin\verify.dll
0x000000006d3b0000 - 0x000000006d3d7000 	C:\Program Files\Java\jre6\bin\java.dll
0x000000006d7c0000 - 0x000000006d7d2000 	C:\Program Files\Java\jre6\bin\zip.dll
0x000000006d000000 - 0x000000006d1c4000 	C:\Program Files\Java\jre6\bin\awt.dll
0x000007fef9e40000 - 0x000007fef9eb1000 	C:\Windows\system32\WINSPOOL.DRV
0x000007fefdb40000 - 0x000007fefdd43000 	C:\Windows\system32\ole32.dll
0x000007fefdd50000 - 0x000007fefead8000 	C:\Windows\system32\SHELL32.dll
0x000007fefd700000 - 0x000007fefd771000 	C:\Windows\system32\SHLWAPI.dll
0x000007fefb580000 - 0x000007fefb774000 	C:\Windows\WinSxS\amd64_microsoft.windows.common-controls_6595b64144ccf1df_6.0.7601.17514_none_fa396087175ac9ac\COMCTL32.dll
0x000007fefacc0000 - 0x000007fefacd8000 	C:\Windows\system32\DWMAPI.DLL
0x000007fefb120000 - 0x000007fefb176000 	C:\Windows\system32\uxtheme.dll
0x000000006d2a0000 - 0x000000006d307000 	C:\Program Files\Java\jre6\bin\fontmanager.dll
0x000007fefcf70000 - 0x000007fefcf7f000 	C:\Windows\system32\CRYPTBASE.dll
0x0000000010000000 - 0x0000000010065000 	C:\Program Files\ThinkPad\Bluetooth Software\btmmhook.dll
0x000007feff2b0000 - 0x000007feff387000 	C:\Windows\system32\OLEAUT32.dll
0x0000000077450000 - 0x0000000077457000 	C:\Windows\system32\PSAPI.DLL
0x000000006d610000 - 0x000000006d627000 	C:\Program Files\Java\jre6\bin\net.dll
0x000007feff390000 - 0x000007feff3dd000 	C:\Windows\system32\WS2_32.dll
0x000007fefdb30000 - 0x000007fefdb38000 	C:\Windows\system32\NSI.dll
0x000007fefc8b0000 - 0x000007fefc905000 	C:\Windows\system32\mswsock.dll
0x000007fefc8a0000 - 0x000007fefc8a7000 	C:\Windows\System32\wship6.dll
0x000000006d630000 - 0x000000006d63b000 	C:\Program Files\Java\jre6\bin\nio.dll
0x000000006d210000 - 0x000000006d238000 	C:\Program Files\Java\jre6\bin\dcpr.dll
0x000000006d560000 - 0x000000006d60f000 	C:\Program Files\Java\jre6\bin\mlib_image.dll
0x000007fefc910000 - 0x000007fefc927000 	C:\Windows\system32\CRYPTSP.dll
0x000007fefc610000 - 0x000007fefc657000 	C:\Windows\system32\rsaenh.dll
0x000007fefc340000 - 0x000007fefc35e000 	C:\Windows\system32\USERENV.dll
0x000007fefd040000 - 0x000007fefd04f000 	C:\Windows\system32\profapi.dll
0x000007fefb9e0000 - 0x000007fefb9f5000 	C:\Windows\system32\NLAapi.dll
0x000007fef3650000 - 0x000007fef3665000 	C:\Windows\system32\napinsp.dll
0x000007fef31e0000 - 0x000007fef31f9000 	C:\Windows\system32\pnrpnsp.dll
0x000007fef31d0000 - 0x000007fef31e0000 	C:\Windows\system32\wshbth.dll
0x000007fef4790000 - 0x000007fef47be000 	C:\Program Files\Common Files\Microsoft Shared\Windows Live\WLIDNSP.DLL
0x000007fefc730000 - 0x000007fefc78b000 	C:\Windows\system32\DNSAPI.dll
0x000007fef4530000 - 0x000007fef453b000 	C:\Windows\System32\winrnr.dll
0x000007fefc220000 - 0x000007fefc227000 	C:\Windows\System32\wshtcpip.dll
0x000007fefb1b0000 - 0x000007fefb1d7000 	C:\Windows\system32\IPHLPAPI.DLL
0x000007fefb190000 - 0x000007fefb19b000 	C:\Windows\system32\WINNSI.DLL
0x000007fef4780000 - 0x000007fef4788000 	C:\Windows\system32\rasadhlp.dll
0x000007fefa940000 - 0x000007fefa993000 	C:\Windows\System32\fwpuclnt.dll
0x000000006d4d0000 - 0x000000006d505000 	C:\Program Files\Java\jre6\bin\jpeg.dll
0x000000006d510000 - 0x000000006d53e000 	C:\Program Files\Java\jre6\bin\jsound.dll
0x000000006d540000 - 0x000000006d54a000 	C:\Program Files\Java\jre6\bin\jsoundds.dll
0x000007fef2e10000 - 0x000007fef2e98000 	C:\Windows\system32\DSOUND.dll
0x000007fefbe90000 - 0x000007fefbebc000 	C:\Windows\system32\POWRPROF.dll
0x000007fefd820000 - 0x000007fefd9f7000 	C:\Windows\system32\SETUPAPI.dll
0x000007fefd410000 - 0x000007fefd446000 	C:\Windows\system32\CFGMGR32.dll
0x000007fefd1f0000 - 0x000007fefd20a000 	C:\Windows\system32\DEVOBJ.dll
0x000007fefbe40000 - 0x000007fefbe8b000 	C:\Windows\system32\MMDevAPI.DLL
0x000007fefbd10000 - 0x000007fefbe3c000 	C:\Windows\system32\PROPSYS.dll
0x000007fef98e0000 - 0x000007fef991b000 	C:\Windows\system32\wdmaud.drv
0x0000000073e40000 - 0x0000000073e46000 	C:\Windows\system32\ksuser.dll
0x000007fefbd00000 - 0x000007fefbd09000 	C:\Windows\system32\AVRT.dll
0x000007fefac30000 - 0x000007fefac7f000 	C:\Windows\system32\AUDIOSES.DLL
0x000007fefab10000 - 0x000007fefab1a000 	C:\Windows\system32\msacm32.drv
0x000007fef9950000 - 0x000007fef9968000 	C:\Windows\system32\MSACM32.dll
0x000007fefa430000 - 0x000007fefa439000 	C:\Windows\system32\midimap.dll
0x000007fefedf0000 - 0x000007fefee89000 	C:\Windows\system32\CLBCatQ.DLL

VM Arguments:
jvm_args: -Dfile.encoding=Cp1252 
java_command: games.strategy.engine.framework.GameRunner2
Launcher Type: SUN_STANDARD

Environment Variables:
JAVA_HOME=C:\Program Files\Java\jdk1.6.0_37
CLASSPATH=.;C:\Program Files (x86)\Java\jre6\lib\ext\QTJava.zip
PATH=C:\Program Files (x86)\NVIDIA Corporation\PhysX\Common;C:\Program Files (x86)\RSA SecurID Token Common;C:\Users\AMENTRA-R84A27L\OracleClient;C:\Program Files\Common Files\Microsoft Shared\Windows Live;C:\Program Files (x86)\Common Files\Microsoft Shared\Windows Live;C:\Windows\system32;C:\Windows;C:\Windows\System32\Wbem;C:\Windows\System32\WindowsPowerShell\v1.0\;C:\Program Files\ThinkPad\Bluetooth Software\;C:\Program Files\ThinkPad\Bluetooth Software\syswow64;C:\Program Files\Intel\WiFi\bin\;C:\Program Files\Common Files\Intel\WirelessCommon\;C:\Program Files (x86)\Common Files\Lenovo;C:\Program Files (x86)\Common Files\Ulead Systems\MPEG;C:\Program Files (x86)\Lenovo\Access Connections\;c:\Program Files (x86)\Microsoft SQL Server\90\Tools\binn\;C:\Users\AMENTRA-R84A27L\apache-ant-1.8.1\bin;C:\Program Files (x86)\MySQL\MySQL Server 5.1\bin;C:\Program Files (x86)\Windows Live\Shared;C:\Program Files (x86)\QuickTime\QTSystem\;C:\Users\AMENTRA-R84A27L\MySQL\bin;C:\Program Files\TortoiseSVN\bin;C:\Program Files (x86)\Seapine\Surround SCM;C:\Users\AMENTRA-R84A27L\nodejs\
USERNAME=Ron
OS=Windows_NT
PROCESSOR_IDENTIFIER=Intel64 Family 6 Model 37 Stepping 2, GenuineIntel



---------------  S Y S T E M  ---------------

OS: Windows 7 , 64 bit Build 7601 Service Pack 1

CPU:total 4 (2 cores per cpu, 2 threads per core) family 6 model 37 stepping 2, cmov, cx8, fxsr, mmx, sse, sse2, sse3, ssse3, sse4.1, sse4.2, popcnt, ht

Memory: 4k page, physical 8179376k(3288192k free), swap 16356888k(10233992k free)

vm_info: Java HotSpot(TM) 64-Bit Server VM (20.12-b01) for windows-amd64 JRE (1.6.0_37-b06), built on Sep 24 2012 11:45:14 by "java_re" with MS VC++ 8.0 (VS2005)

time: Thu Mar 06 01:11:09 2014
elapsed time: 17 seconds

