#
# A fatal error has been detected by the Java Runtime Environment:
#
#  EXCEPTION_ACCESS_VIOLATION (0xc0000005) at pc=0x000007fefdbd0c7b, pid=5900, tid=8132
#
# JRE version: 6.0_37-b06
# Java VM: Java HotSpot(TM) 64-Bit Server VM (20.12-b01 mixed mode windows-amd64 compressed oops)
# Problematic frame:
# C  [ole32.dll+0x10c7b]
#
# If you would like to submit a bug report, please visit:
#   http://java.sun.com/webapps/bugreport/crash.jsp
# The crash happened outside the Java Virtual Machine in native code.
# See problematic frame for where to report the bug.
#

---------------  T H R E A D  ---------------

Current thread (0x0000000006997000):  JavaThread "AWT-EventQueue-0" [_thread_in_native, id=8132, stack(0x0000000007b50000,0x0000000007c50000)]

siginfo: ExceptionCode=0xc0000005, writing address 0x0000000000000030

Registers:
RAX=0x0000000000000000, RBX=0x0000000000367790, RCX=0x0000000000001fc4, RDX=0x000007fefdd66620
RSP=0x0000000007c4de00, RBP=0x0000000000386470, RSI=0x0000000000000000, RDI=0x0000000000367790
R8 =0x00000000000003d4, R9 =0x000007fefdd47f18, R10=0x0000000000000000, R11=0x0000000007c4dd20
R12=0x0000000000000000, R13=0x0000000000399190, R14=0x0000000000000000, R15=0x0000000000000000
RIP=0x000007fefdbd0c7b, EFLAGS=0x0000000000010246

Top of Stack: (sp=0x0000000007c4de00)
0x0000000007c4de00:   0000000000367790 0000000000000000
0x0000000007c4de10:   0000000000000000 0000000000000080
0x0000000007c4de20:   000005b000000000 0000000000430470
0x0000000007c4de30:   0000170c00004800 bf1537d3b0441414
0x0000000007c4de40:   0000e186874a3aec 0000000006997001
0x0000000007c4de50:   0000000000000001 000000000acbfa98
0x0000000007c4de60:   0000000000000000 0000000000386470
0x0000000007c4de70:   00000000069971d0 000007fefdbd1225
0x0000000007c4de80:   0000000000000000 0000000000386470
0x0000000007c4de90:   0000000000000000 000000006d9ed339
0x0000000007c4dea0:   000000000a3e60e0 000007fefdd33135
0x0000000007c4deb0:   0000000000386470 0000000007e8c9d8
0x0000000007c4dec0:   00000000068b7cb0 000007fefd1d9492
0x0000000007c4ded0:   000000000a3e60e0 000007fefdcede9d
0x0000000007c4dee0:   0000000000386470 000000000acbfa98
0x0000000007c4def0:   0000000000000018 0000000000000594 

Instructions: (pc=0x000007fefdbd0c7b)
0x000007fefdbd0c5b:   60 1c 00 41 b8 d4 03 00 00 e8 47 82 01 00 85 f6
0x000007fefdbd0c6b:   78 2b f3 0f 6f 44 24 30 48 8b 45 18 4c 89 6d 20
0x000007fefdbd0c7b:   f3 0f 7f 40 30 f6 45 0c 01 75 12 48 8b cd e8 be
0x000007fefdbd0c8b:   fa ff ff 8b f0 85 c0 78 04 83 4d 0c 01 48 8b cd 


Register to memory mapping:

RAX=0x0000000000000000 is an unknown value
RBX=0x0000000000367790 is an unknown value
RCX=0x0000000000001fc4 is an unknown value
RDX=0x000007fefdd66620 is an unknown value
RSP=0x0000000007c4de00 is pointing into the stack for thread: 0x0000000006997000
RBP=0x0000000000386470 is an unknown value
RSI=0x0000000000000000 is an unknown value
RDI=0x0000000000367790 is an unknown value
R8 =0x00000000000003d4 is an unknown value
R9 =0x000007fefdd47f18 is an unknown value
R10=0x0000000000000000 is an unknown value
R11=0x0000000007c4dd20 is pointing into the stack for thread: 0x0000000006997000
R12=0x0000000000000000 is an unknown value
R13=0x0000000000399190 is an unknown value
R14=0x0000000000000000 is an unknown value
R15=0x0000000000000000 is an unknown value


Stack: [0x0000000007b50000,0x0000000007c50000],  sp=0x0000000007c4de00,  free space=1015k
Native frames: (J=compiled Java code, j=interpreted, Vv=VM code, C=native code)
C  [ole32.dll+0x10c7b]  CLSIDFromString+0x5fb

Java frames: (J=compiled Java code, j=interpreted, Vv=VM code)
j  sun.awt.windows.WComponentPeer.addNativeDropTarget()J+0
j  sun.awt.windows.WComponentPeer.addDropTarget(Ljava/awt/dnd/DropTarget;)V+9
j  java.awt.dnd.DropTarget.addNotify(Ljava/awt/peer/ComponentPeer;)V+60
j  java.awt.Component.addNotify()V+297
j  java.awt.Container.addNotify()V+8
j  javax.swing.JComponent.addNotify()V+1
j  java.awt.Container.addNotify()V+61
j  javax.swing.JComponent.addNotify()V+1
j  java.awt.Container.addNotify()V+61
j  javax.swing.JComponent.addNotify()V+1
j  javax.swing.JMenuBar.addNotify()V+1
j  java.awt.Container.addNotify()V+61
j  javax.swing.JComponent.addNotify()V+1
j  java.awt.Container.addNotify()V+61
j  javax.swing.JComponent.addNotify()V+1
j  javax.swing.JRootPane.addNotify()V+1
j  java.awt.Container.addNotify()V+61
j  java.awt.Window.addNotify()V+73
j  java.awt.Frame.addNotify()V+70
j  java.awt.Window.show()V+8
j  games.strategy.triplea.ui.TripleAFrame.show()V+1
j  java.awt.Component.show(Z)V+5
j  java.awt.Component.setVisible(Z)V+2
j  java.awt.Window.setVisible(Z)V+2
j  games.strategy.triplea.TripleA$3.run()V+106
j  java.awt.event.InvocationEvent.dispatch()V+11
j  java.awt.EventQueue.dispatchEventImpl(Ljava/awt/AWTEvent;Ljava/lang/Object;)V+21
j  java.awt.EventQueue.access$400(Ljava/awt/EventQueue;Ljava/awt/AWTEvent;Ljava/lang/Object;)V+3
j  java.awt.EventQueue$2.run()Ljava/lang/Void;+12
j  java.awt.EventQueue$2.run()Ljava/lang/Object;+1
v  ~StubRoutines::call_stub
j  java.security.AccessController.doPrivileged(Ljava/security/PrivilegedAction;Ljava/security/AccessControlContext;)Ljava/lang/Object;+0
j  java.security.AccessControlContext$1.doIntersectionPrivilege(Ljava/security/PrivilegedAction;Ljava/security/AccessControlContext;Ljava/security/AccessControlContext;)Ljava/lang/Object;+28
j  java.awt.EventQueue.dispatchEvent(Ljava/awt/AWTEvent;)V+46
j  java.awt.EventDispatchThread.pumpOneEventForFilters(I)Z+204
j  java.awt.EventDispatchThread.pumpEventsForFilter(ILjava/awt/Conditional;Ljava/awt/EventFilter;)V+30
j  java.awt.EventDispatchThread.pumpEventsForHierarchy(ILjava/awt/Conditional;Ljava/awt/Component;)V+11
j  java.awt.EventDispatchThread.pumpEvents(ILjava/awt/Conditional;)V+4
j  java.awt.EventDispatchThread.pumpEvents(Ljava/awt/Conditional;)V+3
j  java.awt.EventDispatchThread.run()V+9
v  ~StubRoutines::call_stub

---------------  P R O C E S S  ---------------

Java Threads: ( => current thread )
  0x0000000007e7b000 JavaThread "Map panel background drawer" daemon [_thread_blocked, id=9512, stack(0x000000000e3a0000,0x000000000e4a0000)]
  0x0000000007e7a800 JavaThread "Java Sound Event Dispatcher" daemon [_thread_blocked, id=10196, stack(0x000000000b3a0000,0x000000000b4a0000)]
  0x0000000007e79800 JavaThread "Triplea sound loader" [_thread_in_native, id=2992, stack(0x00000000093f0000,0x00000000094f0000)]
  0x0000000007e79000 JavaThread "Triplea start thread" [_thread_blocked, id=9012, stack(0x00000000091f0000,0x00000000092f0000)]
  0x0000000007e78000 JavaThread "Timer-1" [_thread_blocked, id=7188, stack(0x0000000008ef0000,0x0000000008ff0000)]
  0x0000000007e8a000 JavaThread "Laf-Widget fade tracker" daemon [_thread_blocked, id=6588, stack(0x00000000092f0000,0x00000000093f0000)]
  0x000000000024c000 JavaThread "DestroyJavaVM" [_thread_blocked, id=3380, stack(0x0000000002370000,0x0000000002470000)]
  0x0000000007d91000 JavaThread "TimerQueue" daemon [_thread_blocked, id=7676, stack(0x00000000090f0000,0x00000000091f0000)]
  0x0000000007ce2800 JavaThread "Console std out reader" daemon [_thread_blocked, id=3972, stack(0x0000000008df0000,0x0000000008ef0000)]
  0x0000000007ce2000 JavaThread "Console std err reader" daemon [_thread_blocked, id=9364, stack(0x0000000008cf0000,0x0000000008df0000)]
=>0x0000000006997000 JavaThread "AWT-EventQueue-0" [_thread_in_native, id=8132, stack(0x0000000007b50000,0x0000000007c50000)]
  0x000000000698a000 JavaThread "AWT-Windows" daemon [_thread_in_native, id=7368, stack(0x00000000074d0000,0x00000000075d0000)]
  0x0000000006989000 JavaThread "AWT-Shutdown" [_thread_blocked, id=7520, stack(0x00000000073d0000,0x00000000074d0000)]
  0x0000000006985000 JavaThread "Java2D Disposer" daemon [_thread_blocked, id=1344, stack(0x00000000072d0000,0x00000000073d0000)]
  0x000000000689f800 JavaThread "Low Memory Detector" daemon [_thread_blocked, id=6884, stack(0x0000000006e40000,0x0000000006f40000)]
  0x000000000689f000 JavaThread "C2 CompilerThread1" daemon [_thread_blocked, id=5720, stack(0x0000000006d40000,0x0000000006e40000)]
  0x0000000006899800 JavaThread "C2 CompilerThread0" daemon [_thread_blocked, id=9692, stack(0x0000000006c40000,0x0000000006d40000)]
  0x0000000006897000 JavaThread "Attach Listener" daemon [_thread_blocked, id=7992, stack(0x0000000006b40000,0x0000000006c40000)]
  0x0000000006891800 JavaThread "Signal Dispatcher" daemon [_thread_blocked, id=8764, stack(0x0000000006a40000,0x0000000006b40000)]
  0x000000000052c800 JavaThread "Finalizer" daemon [_thread_blocked, id=8876, stack(0x0000000006740000,0x0000000006840000)]
  0x0000000000525800 JavaThread "Reference Handler" daemon [_thread_blocked, id=9588, stack(0x0000000006640000,0x0000000006740000)]

Other Threads:
  0x000000000051d000 VMThread [stack: 0x0000000006540000,0x0000000006640000] [id=3080]
  0x00000000068b3000 WatcherThread [stack: 0x0000000006f40000,0x0000000007040000] [id=4716]

VM state:not at safepoint (normal execution)

VM Mutex/Monitor currently owned by a thread: None

Heap
 PSYoungGen      total 36480K, used 34780K [0x00000007d6600000, 0x00000007d9ad0000, 0x0000000800000000)
  eden space 31168K, 94% used [0x00000007d6600000,0x00000007d82ceb98,0x00000007d8470000)
  from space 5312K, 99% used [0x00000007d8530000,0x00000007d8a58700,0x00000007d8a60000)
  to   space 11456K, 0% used [0x00000007d8fa0000,0x00000007d8fa0000,0x00000007d9ad0000)
 PSOldGen        total 85248K, used 12643K [0x0000000783200000, 0x0000000788540000, 0x00000007d6600000)
  object space 85248K, 14% used [0x0000000783200000,0x0000000783e58cd8,0x0000000788540000)
 PSPermGen       total 31808K, used 31617K [0x000000077e000000, 0x000000077ff10000, 0x0000000783200000)
  object space 31808K, 99% used [0x000000077e000000,0x000000077fee05f8,0x000000077ff10000)

Code Cache  [0x0000000002470000, 0x00000000026e0000, 0x0000000005470000)
 total_blobs=1070 nmethods=509 adapters=514 free_code_cache=48177408 largest_free_block=17664

Dynamic libraries:
0x0000000000400000 - 0x000000000042f000 	C:\Program Files\Java\jre6\bin\javaw.exe
0x0000000077180000 - 0x0000000077329000 	C:\Windows\SYSTEM32\ntdll.dll
0x0000000077060000 - 0x000000007717f000 	C:\Windows\system32\kernel32.dll
0x000007fefd1d0000 - 0x000007fefd23b000 	C:\Windows\system32\KERNELBASE.dll
0x000007fefd840000 - 0x000007fefd91b000 	C:\Windows\system32\ADVAPI32.dll
0x000007fefd7a0000 - 0x000007fefd83f000 	C:\Windows\system32\msvcrt.dll
0x000007fefd570000 - 0x000007fefd58f000 	C:\Windows\SYSTEM32\sechost.dll
0x000007fefd590000 - 0x000007fefd6bd000 	C:\Windows\system32\RPCRT4.dll
0x0000000076f60000 - 0x000000007705a000 	C:\Windows\system32\USER32.dll
0x000007feff080000 - 0x000007feff0e7000 	C:\Windows\system32\GDI32.dll
0x000007feff190000 - 0x000007feff19e000 	C:\Windows\system32\LPK.dll
0x000007fefee10000 - 0x000007fefeed9000 	C:\Windows\system32\USP10.dll
0x000007fefeee0000 - 0x000007fefef0e000 	C:\Windows\system32\IMM32.DLL
0x000007fefef10000 - 0x000007feff019000 	C:\Windows\system32\MSCTF.dll
0x000000006d800000 - 0x000000006dfbb000 	C:\Program Files\Java\jre6\bin\server\jvm.dll
0x000007fefaf70000 - 0x000007fefafab000 	C:\Windows\system32\WINMM.dll
0x000000006d770000 - 0x000000006d77e000 	C:\Program Files\Java\jre6\bin\verify.dll
0x000000006d3b0000 - 0x000000006d3d7000 	C:\Program Files\Java\jre6\bin\java.dll
0x000000006d7c0000 - 0x000000006d7d2000 	C:\Program Files\Java\jre6\bin\zip.dll
0x000000006d000000 - 0x000000006d1c4000 	C:\Program Files\Java\jre6\bin\awt.dll
0x000007fefa9a0000 - 0x000007fefaa11000 	C:\Windows\system32\WINSPOOL.DRV
0x000007fefdbc0000 - 0x000007fefddc3000 	C:\Windows\system32\ole32.dll
0x000007fefe080000 - 0x000007fefee08000 	C:\Windows\system32\SHELL32.dll
0x000007fefe000000 - 0x000007fefe071000 	C:\Windows\system32\SHLWAPI.dll
0x000007fefb620000 - 0x000007fefb814000 	C:\Windows\WinSxS\amd64_microsoft.windows.common-controls_6595b64144ccf1df_6.0.7601.17514_none_fa396087175ac9ac\COMCTL32.dll
0x000000006d550000 - 0x000000006d55a000 	C:\Program Files\Java\jre6\bin\management.dll
0x000007fefb190000 - 0x000007fefb1a8000 	C:\Windows\system32\DWMAPI.DLL
0x000007fefb570000 - 0x000007fefb5c6000 	C:\Windows\system32\uxtheme.dll
0x000000006d2a0000 - 0x000000006d307000 	C:\Program Files\Java\jre6\bin\fontmanager.dll
0x000007fefce90000 - 0x000007fefce9f000 	C:\Windows\system32\CRYPTBASE.dll
0x0000000010000000 - 0x0000000010065000 	C:\Program Files\ThinkPad\Bluetooth Software\btmmhook.dll
0x000007fefd6c0000 - 0x000007fefd797000 	C:\Windows\system32\OLEAUT32.dll
0x0000000077350000 - 0x0000000077357000 	C:\Windows\system32\PSAPI.DLL
0x000000006d610000 - 0x000000006d627000 	C:\Program Files\Java\jre6\bin\net.dll
0x000007feff020000 - 0x000007feff06d000 	C:\Windows\system32\WS2_32.dll
0x000007feff070000 - 0x000007feff078000 	C:\Windows\system32\NSI.dll
0x000007fefc7d0000 - 0x000007fefc825000 	C:\Windows\system32\mswsock.dll
0x000007fefc7c0000 - 0x000007fefc7c7000 	C:\Windows\System32\wship6.dll
0x000000006d630000 - 0x000000006d63b000 	C:\Program Files\Java\jre6\bin\nio.dll
0x000000006d210000 - 0x000000006d238000 	C:\Program Files\Java\jre6\bin\dcpr.dll
0x000000006d560000 - 0x000000006d60f000 	C:\Program Files\Java\jre6\bin\mlib_image.dll
0x000007fefc830000 - 0x000007fefc847000 	C:\Windows\system32\CRYPTSP.dll
0x000007fefc530000 - 0x000007fefc577000 	C:\Windows\system32\rsaenh.dll
0x000007fefc260000 - 0x000007fefc27e000 	C:\Windows\system32\USERENV.dll
0x000007fefcf60000 - 0x000007fefcf6f000 	C:\Windows\system32\profapi.dll
0x000007fefad60000 - 0x000007fefad75000 	C:\Windows\system32\NLAapi.dll
0x000007fef5110000 - 0x000007fef5125000 	C:\Windows\system32\napinsp.dll
0x000007fef5130000 - 0x000007fef5149000 	C:\Windows\system32\pnrpnsp.dll
0x000007fef5100000 - 0x000007fef5110000 	C:\Windows\system32\wshbth.dll
0x000007fef50d0000 - 0x000007fef50fe000 	C:\Program Files\Common Files\Microsoft Shared\Windows Live\WLIDNSP.DLL
0x000007fefc650000 - 0x000007fefc6ab000 	C:\Windows\system32\DNSAPI.dll
0x000007fef4e20000 - 0x000007fef4e2b000 	C:\Windows\System32\winrnr.dll
0x000007fefc140000 - 0x000007fefc147000 	C:\Windows\System32\wshtcpip.dll
0x000007fefa8a0000 - 0x000007fefa8c7000 	C:\Windows\system32\IPHLPAPI.DLL
0x000007fefa880000 - 0x000007fefa88b000 	C:\Windows\system32\WINNSI.DLL
0x000007fef50c0000 - 0x000007fef50c8000 	C:\Windows\system32\rasadhlp.dll
0x000007fef9fe0000 - 0x000007fefa033000 	C:\Windows\System32\fwpuclnt.dll
0x000000006d4d0000 - 0x000000006d505000 	C:\Program Files\Java\jre6\bin\jpeg.dll
0x000000006d510000 - 0x000000006d53e000 	C:\Program Files\Java\jre6\bin\jsound.dll
0x000000006d540000 - 0x000000006d54a000 	C:\Program Files\Java\jre6\bin\jsoundds.dll
0x000007fef3990000 - 0x000007fef3a18000 	C:\Windows\system32\DSOUND.dll
0x000007fefbdf0000 - 0x000007fefbe1c000 	C:\Windows\system32\POWRPROF.dll
0x000007fefd390000 - 0x000007fefd567000 	C:\Windows\system32\SETUPAPI.dll
0x000007fefd190000 - 0x000007fefd1c6000 	C:\Windows\system32\CFGMGR32.dll
0x000007fefd240000 - 0x000007fefd25a000 	C:\Windows\system32\DEVOBJ.dll
0x000007fefbda0000 - 0x000007fefbdeb000 	C:\Windows\system32\MMDevAPI.DLL
0x000007fefbc70000 - 0x000007fefbd9c000 	C:\Windows\system32\PROPSYS.dll
0x000007fef99f0000 - 0x000007fef9a2b000 	C:\Windows\system32\wdmaud.drv
0x0000000074b60000 - 0x0000000074b66000 	C:\Windows\system32\ksuser.dll
0x000007fefbc60000 - 0x000007fefbc69000 	C:\Windows\system32\AVRT.dll
0x000007fefaa50000 - 0x000007fefaa9f000 	C:\Windows\system32\AUDIOSES.DLL
0x000007fefbac0000 - 0x000007fefbaca000 	C:\Windows\system32\msacm32.drv
0x000007fefb940000 - 0x000007fefb958000 	C:\Windows\system32\MSACM32.dll
0x000007fefb970000 - 0x000007fefb979000 	C:\Windows\system32\midimap.dll
0x000007fefda80000 - 0x000007fefdb19000 	C:\Windows\system32\CLBCatQ.DLL
0x000007fefcf40000 - 0x000007fefcf54000 	C:\Windows\system32\RpcRtRemote.dll

VM Arguments:
jvm_args: -Dfile.encoding=Cp1252 
java_command: games.strategy.engine.framework.GameRunner2
Launcher Type: SUN_STANDARD

Environment Variables:
JAVA_HOME=C:\Program Files\Java\jdk1.6.0_37
CLASSPATH=.;C:\Program Files (x86)\Java\jre6\lib\ext\QTJava.zip
PATH=C:\Program Files (x86)\NVIDIA Corporation\PhysX\Common;C:\Program Files (x86)\RSA SecurID Token Common;C:\Users\AMENTRA-R84A27L\OracleClient;C:\Program Files\Common Files\Microsoft Shared\Windows Live;C:\Program Files (x86)\Common Files\Microsoft Shared\Windows Live;C:\Windows\system32;C:\Windows;C:\Windows\System32\Wbem;C:\Windows\System32\WindowsPowerShell\v1.0\;C:\Program Files\ThinkPad\Bluetooth Software\;C:\Program Files\ThinkPad\Bluetooth Software\syswow64;C:\Program Files\Intel\WiFi\bin\;C:\Program Files\Common Files\Intel\WirelessCommon\;C:\Program Files (x86)\Common Files\Lenovo;C:\Program Files (x86)\Common Files\Ulead Systems\MPEG;C:\Program Files (x86)\Lenovo\Access Connections\;c:\Program Files (x86)\Microsoft SQL Server\90\Tools\binn\;C:\Users\AMENTRA-R84A27L\apache-ant-1.8.1\bin;C:\Program Files (x86)\MySQL\MySQL Server 5.1\bin;C:\Program Files (x86)\Windows Live\Shared;C:\Program Files (x86)\QuickTime\QTSystem\;C:\Users\AMENTRA-R84A27L\MySQL\bin;C:\Program Files\TortoiseSVN\bin;C:\Program Files (x86)\Seapine\Surround SCM
USERNAME=Ron
OS=Windows_NT
PROCESSOR_IDENTIFIER=Intel64 Family 6 Model 37 Stepping 2, GenuineIntel



---------------  S Y S T E M  ---------------

OS: Windows 7 , 64 bit Build 7601 Service Pack 1

CPU:total 4 (2 cores per cpu, 2 threads per core) family 6 model 37 stepping 2, cmov, cx8, fxsr, mmx, sse, sse2, sse3, ssse3, sse4.1, sse4.2, popcnt, ht

Memory: 4k page, physical 8179376k(3397932k free), swap 16356888k(8491672k free)

vm_info: Java HotSpot(TM) 64-Bit Server VM (20.12-b01) for windows-amd64 JRE (1.6.0_37-b06), built on Sep 24 2012 11:45:14 by "java_re" with MS VC++ 8.0 (VS2005)

time: Thu Nov 14 00:12:24 2013
elapsed time: 18 seconds

